24-Jul-2020 11:52:00.566 INFO [Thread-62] org.apache.coyote.AbstractProtocol.pause Pausing ProtocolHandler ["http-nio-8084"]
24-Jul-2020 11:52:00.644 INFO [Thread-62] org.apache.coyote.AbstractProtocol.pause Pausing ProtocolHandler ["https-openssl-nio-8443"]
24-Jul-2020 11:52:00.707 INFO [Thread-62] org.apache.coyote.AbstractProtocol.pause Pausing ProtocolHandler ["ajp-nio-8008"]
24-Jul-2020 11:52:00.723 INFO [Thread-62] org.apache.catalina.core.StandardService.stopInternal Stopping service [Catalina]
24-Jul-2020 11:52:06.863 INFO [localhost-startStop-2] com.sun.xml.ws.transport.http.servlet.WSServletDelegate.destroy WSSERVLET15: JAX-WS servlet destroyed
24-Jul-2020 11:52:06.879 INFO [localhost-startStop-2] com.sun.xml.ws.transport.http.servlet.WSServletContextListener.contextDestroyed WSSERVLET13: JAX-WS context listener destroyed
24-Jul-2020 11:52:06.879 INFO [localhost-startStop-2] com.sun.xml.ws.transport.http.servlet.WSServletContextListener.contextDestroyed WSSERVLET13: JAX-WS context listener destroyed
24-Jul-2020 11:52:06.879 WARNING [localhost-startStop-2] org.apache.catalina.loader.WebappClassLoaderBase.clearReferencesThreads The web application [otdsws] appears to have started a thread named [Thread-15] but has failed to stop it. This is very likely to create a memory leak. Stack trace of thread:
 sun.net.dns.ResolverConfigurationImpl.notifyAddrChange0(Native Method)
 sun.net.dns.ResolverConfigurationImpl$AddressChangeListener.run(Unknown Source)
24-Jul-2020 11:52:06.879 WARNING [localhost-startStop-2] org.apache.catalina.loader.WebappClassLoaderBase.clearReferencesThreads The web application [otdsws] appears to have started a thread named [Monitor Provider State Updater] but has failed to stop it. This is very likely to create a memory leak. Stack trace of thread:
 sun.misc.Unsafe.park(Native Method)
 java.util.concurrent.locks.LockSupport.parkNanos(Unknown Source)
 java.util.concurrent.locks.AbstractQueuedSynchronizer$ConditionObject.awaitNanos(Unknown Source)
 java.util.concurrent.ScheduledThreadPoolExecutor$DelayedWorkQueue.take(Unknown Source)
 java.util.concurrent.ScheduledThreadPoolExecutor$DelayedWorkQueue.take(Unknown Source)
 java.util.concurrent.ThreadPoolExecutor.getTask(Unknown Source)
 java.util.concurrent.ThreadPoolExecutor.runWorker(Unknown Source)
 java.util.concurrent.ThreadPoolExecutor$Worker.run(Unknown Source)
 java.lang.Thread.run(Unknown Source)
24-Jul-2020 11:52:06.879 SEVERE [localhost-startStop-2] org.apache.catalina.loader.WebappClassLoaderBase.checkThreadLocalMapForLeaks The web application [otdsws] created a ThreadLocal with key of type [com.opentext.ecm.components.runtimecontext.impl.RuntimeContext$1] (value [com.opentext.ecm.components.runtimecontext.impl.RuntimeContext$1@2a655287]) and a value of type [com.opentext.ecm.components.runtimecontext.impl.RuntimeContextThread] (value [com.opentext.ecm.components.runtimecontext.impl.RuntimeContextThread@3f935839]) but failed to remove it when the web application was stopped. Threads are going to be renewed over time to try and avoid a probable memory leak.
24-Jul-2020 11:52:06.894 INFO [Thread-62] org.apache.coyote.AbstractProtocol.stop Stopping ProtocolHandler ["http-nio-8084"]
24-Jul-2020 11:52:06.894 INFO [Thread-62] org.apache.coyote.AbstractProtocol.stop Stopping ProtocolHandler ["https-openssl-nio-8443"]
24-Jul-2020 11:52:06.910 INFO [Thread-62] org.apache.coyote.AbstractProtocol.stop Stopping ProtocolHandler ["ajp-nio-8008"]
