[2019-10-04 01:30:40] [info]  [ 1896] Commons Daemon procrun (1.0.15.0 64-bit) started
[2019-10-04 01:30:41] [info]  [ 1896] Running 'OTDS-Tomcat' Service...
[2019-10-04 01:30:41] [info]  [ 2292] Starting service...
[2019-10-04 01:30:46] [info]  [ 2292] Service started in 4571 ms.
[2019-10-04 02:25:40] [info]  [ 4300] Console SHUTDOWN event signaled
[2019-10-04 02:25:40] [info]  [ 4300] Stopping service...
[2019-10-04 02:25:45] [info]  [ 1896] Service SHUTDOWN signaled
[2019-10-04 02:25:45] [info]  [  724] Stopping service...
[2019-10-04 02:25:46] [info]  [ 4300] Service stop thread completed.
[2019-10-04 02:25:46] [info]  [  724] Service stop thread completed.
[2019-10-04 02:25:46] [info]  [ 1896] Run service finished.
[2019-10-04 02:25:46] [info]  [ 1896] Commons Daemon procrun finished
[2019-10-04 02:26:00] [info]  [ 2020] Commons Daemon procrun (1.0.15.0 64-bit) started
[2019-10-04 02:26:01] [info]  [ 2020] Running 'OTDS-Tomcat' Service...
[2019-10-04 02:26:01] [info]  [ 2352] Starting service...
[2019-10-04 02:26:06] [info]  [ 2352] Service started in 4350 ms.
[2019-10-04 03:29:53] [info]  [ 1312] Console SHUTDOWN event signaled
[2019-10-04 03:29:53] [info]  [ 1312] Stopping service...
[2019-10-04 03:29:58] [info]  [ 2020] Service SHUTDOWN signaled
[2019-10-04 03:29:58] [info]  [ 2284] Stopping service...
[2019-10-04 03:29:59] [info]  [ 1312] Service stop thread completed.
[2019-10-04 03:29:59] [info]  [ 2284] Service stop thread completed.
[2019-10-04 03:30:00] [info]  [ 2020] Run service finished.
[2019-10-04 03:30:00] [info]  [ 2020] Commons Daemon procrun finished
[2019-10-04 03:30:10] [info]  [ 1952] Commons Daemon procrun (1.0.15.0 64-bit) started
[2019-10-04 03:30:10] [info]  [ 1952] Running 'OTDS-Tomcat' Service...
[2019-10-04 03:30:11] [info]  [ 2452] Starting service...
[2019-10-04 03:30:15] [info]  [ 2452] Service started in 4315 ms.
[2019-10-04 03:32:40] [info]  [ 5644] Console SHUTDOWN event signaled
[2019-10-04 03:32:40] [info]  [ 5644] Stopping service...
[2019-10-04 03:32:45] [info]  [ 1952] Service SHUTDOWN signaled
[2019-10-04 03:32:45] [info]  [ 5308] Stopping service...
[2019-10-04 03:32:47] [info]  [ 5644] Service stop thread completed.
[2019-10-04 03:32:47] [info]  [ 5308] Service stop thread completed.
[2019-10-04 03:32:47] [info]  [ 1952] Run service finished.
[2019-10-04 03:32:47] [info]  [ 1952] Commons Daemon procrun finished
[2019-10-04 03:32:56] [info]  [ 1572] Commons Daemon procrun (1.0.15.0 64-bit) started
[2019-10-04 03:32:56] [info]  [ 1572] Running 'OTDS-Tomcat' Service...
[2019-10-04 03:32:57] [info]  [ 2404] Starting service...
[2019-10-04 03:33:01] [info]  [ 2404] Service started in 4488 ms.
[2019-10-04 03:51:13] [info]  [ 6948] Console SHUTDOWN event signaled
[2019-10-04 03:51:13] [info]  [ 6948] Stopping service...
[2019-10-04 03:51:18] [info]  [ 1572] Service SHUTDOWN signaled
[2019-10-04 03:51:19] [info]  [ 1936] Stopping service...
[2019-10-04 03:51:20] [info]  [ 6948] Service stop thread completed.
[2019-10-04 03:51:20] [info]  [ 1936] Service stop thread completed.
[2019-10-04 03:51:20] [info]  [ 1572] Run service finished.
[2019-10-04 03:51:20] [info]  [ 1572] Commons Daemon procrun finished
[2019-10-04 03:51:29] [info]  [ 2004] Commons Daemon procrun (1.0.15.0 64-bit) started
[2019-10-04 03:51:29] [info]  [ 2004] Running 'OTDS-Tomcat' Service...
[2019-10-04 03:51:30] [info]  [ 2400] Starting service...
[2019-10-04 03:51:34] [info]  [ 2400] Service started in 4098 ms.
[2019-10-04 04:01:08] [info]  [ 1460] Console SHUTDOWN event signaled
[2019-10-04 04:01:08] [info]  [ 1460] Stopping service...
[2019-10-04 04:01:13] [info]  [ 2004] Service SHUTDOWN signaled
[2019-10-04 04:01:13] [info]  [ 5664] Stopping service...
[2019-10-04 04:01:14] [info]  [ 1460] Service stop thread completed.
[2019-10-04 04:01:14] [info]  [ 5664] Service stop thread completed.
[2019-10-04 04:01:15] [info]  [ 2004] Run service finished.
[2019-10-04 04:01:15] [info]  [ 2004] Commons Daemon procrun finished
[2019-10-04 04:01:24] [info]  [ 1248] Commons Daemon procrun (1.0.15.0 64-bit) started
[2019-10-04 04:01:25] [info]  [ 1248] Running 'OTDS-Tomcat' Service...
[2019-10-04 04:01:25] [info]  [ 2816] Starting service...
[2019-10-04 04:01:29] [info]  [ 2816] Service started in 3953 ms.
[2019-10-04 04:02:06] [info]  [ 2820] Console SHUTDOWN event signaled
[2019-10-04 04:02:06] [info]  [ 2820] Stopping service...
[2019-10-04 04:02:11] [info]  [ 1248] Service SHUTDOWN signaled
[2019-10-04 04:02:11] [info]  [ 2920] Stopping service...
[2019-10-04 04:02:12] [info]  [ 2820] Service stop thread completed.
[2019-10-04 04:02:12] [info]  [ 2920] Service stop thread completed.
[2019-10-04 04:02:12] [info]  [ 1248] Run service finished.
[2019-10-04 04:02:12] [info]  [ 1248] Commons Daemon procrun finished
[2019-10-04 04:02:21] [info]  [ 2036] Commons Daemon procrun (1.0.15.0 64-bit) started
[2019-10-04 04:02:22] [info]  [ 2036] Running 'OTDS-Tomcat' Service...
[2019-10-04 04:02:22] [info]  [ 2604] Starting service...
[2019-10-04 04:02:27] [info]  [ 2604] Service started in 4100 ms.
