[2020-07-21 04:34:37] [info]  [ 1884] Commons Daemon procrun (1.0.15.0 64-bit) started
[2020-07-21 04:34:38] [info]  [ 1884] Running 'OTDS-Tomcat' Service...
[2020-07-21 04:34:39] [info]  [ 2332] Starting service...
[2020-07-21 04:34:43] [info]  [ 2332] Service started in 4929 ms.
[2020-07-21 00:37:00] [info]  [  936] Console SHUTDOWN event signaled
[2020-07-21 00:37:00] [info]  [  936] Stopping service...
[2020-07-21 00:37:05] [info]  [ 1884] Service SHUTDOWN signaled
[2020-07-21 00:37:05] [info]  [ 4708] Stopping service...
[2020-07-21 00:37:06] [info]  [  936] Service stop thread completed.
[2020-07-21 00:37:06] [info]  [ 4708] Service stop thread completed.
[2020-07-21 00:37:07] [info]  [ 1884] Run service finished.
[2020-07-21 00:37:07] [info]  [ 1884] Commons Daemon procrun finished
[2020-07-21 00:37:18] [info]  [ 2068] Commons Daemon procrun (1.0.15.0 64-bit) started
[2020-07-21 00:37:19] [info]  [ 2068] Running 'OTDS-Tomcat' Service...
[2020-07-21 00:37:19] [info]  [ 2500] Starting service...
[2020-07-21 00:37:23] [info]  [ 2500] Service started in 4341 ms.
[2020-07-21 00:40:21] [info]  [ 7064] Console SHUTDOWN event signaled
[2020-07-21 00:40:21] [info]  [ 7064] Stopping service...
[2020-07-21 00:40:26] [info]  [ 2068] Service SHUTDOWN signaled
[2020-07-21 00:40:26] [info]  [ 4952] Stopping service...
[2020-07-21 00:40:27] [info]  [ 7064] Service stop thread completed.
[2020-07-21 00:40:27] [info]  [ 4952] Service stop thread completed.
[2020-07-21 00:40:28] [info]  [ 2068] Run service finished.
[2020-07-21 00:40:28] [info]  [ 2068] Commons Daemon procrun finished
[2020-07-21 00:40:37] [info]  [ 2020] Commons Daemon procrun (1.0.15.0 64-bit) started
[2020-07-21 00:40:38] [info]  [ 2020] Running 'OTDS-Tomcat' Service...
[2020-07-21 00:40:38] [info]  [ 2420] Starting service...
[2020-07-21 00:40:43] [info]  [ 2420] Service started in 4397 ms.
[2020-07-21 00:42:06] [info]  [ 5484] Console SHUTDOWN event signaled
[2020-07-21 00:42:06] [info]  [ 5484] Stopping service...
[2020-07-21 00:42:11] [info]  [ 2020] Service SHUTDOWN signaled
[2020-07-21 00:42:11] [info]  [ 5328] Stopping service...
[2020-07-21 00:42:11] [info]  [ 5484] Service stop thread completed.
[2020-07-21 00:42:12] [info]  [ 5328] Service stop thread completed.
[2020-07-21 00:42:12] [info]  [ 2020] Run service finished.
[2020-07-21 00:42:12] [info]  [ 2020] Commons Daemon procrun finished
[2020-07-21 00:42:20] [info]  [ 2036] Commons Daemon procrun (1.0.15.0 64-bit) started
[2020-07-21 00:42:20] [info]  [ 2036] Running 'OTDS-Tomcat' Service...
[2020-07-21 00:42:21] [info]  [ 2452] Starting service...
[2020-07-21 00:42:25] [info]  [ 2452] Service started in 4267 ms.
[2020-07-24 11:52:00] [info]  [ 8028] Stopping service...
[2020-07-24 11:52:06] [info]  [ 8028] Service stop thread completed.
[2020-07-24 11:52:07] [info]  [ 2036] Run service finished.
[2020-07-24 11:52:07] [info]  [ 2036] Commons Daemon procrun finished
