[2019-08-10 06:17:35] [info]  [ 8184] Commons Daemon procrun (1.0.15.0 64-bit) started
[2019-08-10 06:17:35] [info]  [ 8184] Running 'OTDS-Tomcat' Service...
[2019-08-10 06:17:35] [info]  [ 2472] Starting service...
[2019-08-10 06:17:36] [info]  [ 2472] Service started in 1140 ms.
[2019-08-10 06:22:03] [info]  [ 3428] Console SHUTDOWN event signaled
[2019-08-10 06:22:03] [info]  [ 3428] Stopping service...
[2019-08-10 06:22:08] [info]  [ 8184] Service SHUTDOWN signaled
[2019-08-10 06:22:08] [info]  [ 7800] Stopping service...
[2019-08-10 06:22:09] [info]  [ 3428] Service stop thread completed.
[2019-08-10 06:22:09] [info]  [ 7800] Service stop thread completed.
[2019-08-10 06:22:10] [info]  [ 8184] Run service finished.
[2019-08-10 06:22:10] [info]  [ 8184] Commons Daemon procrun finished
[2019-08-10 06:45:19] [info]  [ 2028] Commons Daemon procrun (1.0.15.0 64-bit) started
[2019-08-10 06:45:19] [info]  [ 2028] Running 'OTDS-Tomcat' Service...
[2019-08-10 06:45:19] [info]  [ 2420] Starting service...
[2019-08-10 06:45:21] [info]  [ 2420] Service started in 1969 ms.
[2019-08-11 12:01:37] [info]  [  656] Console SHUTDOWN event signaled
[2019-08-11 12:01:37] [info]  [  656] Stopping service...
[2019-08-11 12:01:42] [info]  [ 2028] Service SHUTDOWN signaled
[2019-08-11 12:01:42] [info]  [  404] Stopping service...
