[2020-06-25 13:20:00] [info]  [ 1120] Commons Daemon procrun (1.0.15.0 64-bit) started
[2020-06-25 13:20:01] [info]  [ 1120] Running 'OTDS-Tomcat' Service...
[2020-06-25 13:20:01] [info]  [ 2500] Starting service...
[2020-06-25 13:20:08] [info]  [ 2500] Service started in 6651 ms.
[2020-06-25 07:22:42] [info]  [ 3764] Console SHUTDOWN event signaled
[2020-06-25 07:22:42] [info]  [ 3764] Stopping service...
[2020-06-25 07:22:47] [info]  [ 1120] Service SHUTDOWN signaled
[2020-06-25 07:22:48] [info]  [ 3588] Stopping service...
[2020-06-25 07:22:48] [info]  [ 3764] Service stop thread completed.
[2020-06-25 07:22:49] [info]  [ 3588] Service stop thread completed.
[2020-06-25 07:22:49] [info]  [ 1120] Run service finished.
[2020-06-25 07:22:49] [info]  [ 1120] Commons Daemon procrun finished
[2020-06-25 07:23:05] [info]  [ 2132] Commons Daemon procrun (1.0.15.0 64-bit) started
[2020-06-25 07:23:05] [info]  [ 2132] Running 'OTDS-Tomcat' Service...
[2020-06-25 07:23:06] [info]  [ 2488] Starting service...
[2020-06-25 07:23:10] [info]  [ 2488] Service started in 4327 ms.
[2020-06-25 07:25:36] [info]  [ 5252] Console SHUTDOWN event signaled
[2020-06-25 07:25:36] [info]  [ 5252] Stopping service...
[2020-06-25 07:25:41] [info]  [ 2132] Service SHUTDOWN signaled
[2020-06-25 07:25:41] [info]  [ 4716] Stopping service...
[2020-06-25 07:25:42] [info]  [ 5252] Service stop thread completed.
[2020-06-25 07:25:42] [info]  [ 4716] Service stop thread completed.
[2020-06-25 07:25:42] [info]  [ 2132] Run service finished.
[2020-06-25 07:25:42] [info]  [ 2132] Commons Daemon procrun finished
[2020-06-25 07:25:54] [info]  [ 1928] Commons Daemon procrun (1.0.15.0 64-bit) started
[2020-06-25 07:25:55] [info]  [ 1928] Running 'OTDS-Tomcat' Service...
[2020-06-25 07:25:55] [info]  [ 2324] Starting service...
[2020-06-25 07:26:01] [info]  [ 2324] Service started in 5808 ms.
[2020-06-25 07:26:45] [info]  [ 1132] Console SHUTDOWN event signaled
[2020-06-25 07:26:45] [info]  [ 1132] Stopping service...
[2020-06-25 07:26:50] [info]  [ 1928] Service SHUTDOWN signaled
[2020-06-25 07:26:50] [info]  [ 3060] Stopping service...
[2020-06-25 07:26:51] [info]  [ 1132] Service stop thread completed.
[2020-06-25 07:26:51] [info]  [ 3060] Service stop thread completed.
[2020-06-25 07:26:51] [info]  [ 1928] Run service finished.
[2020-06-25 07:26:51] [info]  [ 1928] Commons Daemon procrun finished
[2020-06-25 07:27:03] [info]  [ 2164] Commons Daemon procrun (1.0.15.0 64-bit) started
[2020-06-25 07:27:04] [info]  [ 2164] Running 'OTDS-Tomcat' Service...
[2020-06-25 07:27:04] [info]  [ 2672] Starting service...
[2020-06-25 07:27:09] [info]  [ 2672] Service started in 5478 ms.
[2020-06-26 16:55:38] [info]  [ 3412] Console SHUTDOWN event signaled
[2020-06-26 16:55:38] [info]  [ 3412] Stopping service...
[2020-06-26 16:55:43] [info]  [ 2164] Service SHUTDOWN signaled
[2020-06-26 16:55:43] [info]  [ 5308] Stopping service...
[2020-06-26 16:55:45] [info]  [ 5308] Service stop thread completed.
[2020-06-26 16:55:45] [info]  [ 3412] Service stop thread completed.
[2020-06-26 16:55:45] [info]  [ 2164] Run service finished.
[2020-06-26 16:55:45] [info]  [ 2164] Commons Daemon procrun finished
