[2019-10-08 19:50:01] [info]  [ 2100] Commons Daemon procrun (1.0.15.0 64-bit) started
[2019-10-08 19:50:03] [info]  [ 2100] Running 'OTDS-Tomcat' Service...
[2019-10-08 19:50:03] [info]  [ 2412] Starting service...
[2019-10-08 19:50:09] [info]  [ 2412] Service started in 6764 ms.
[2019-10-08 14:52:37] [info]  [ 1948] Console SHUTDOWN event signaled
[2019-10-08 14:52:37] [info]  [ 1948] Stopping service...
[2019-10-08 14:52:42] [info]  [ 2100] Service SHUTDOWN signaled
[2019-10-08 14:52:42] [info]  [ 1332] Stopping service...
[2019-10-08 14:52:43] [info]  [ 1948] Service stop thread completed.
[2019-10-08 14:52:43] [info]  [ 1332] Service stop thread completed.
[2019-10-08 14:52:44] [info]  [ 2100] Run service finished.
[2019-10-08 14:52:44] [info]  [ 2100] Commons Daemon procrun finished
[2019-10-08 14:52:54] [info]  [  856] Commons Daemon procrun (1.0.15.0 64-bit) started
[2019-10-08 14:52:55] [info]  [  856] Running 'OTDS-Tomcat' Service...
[2019-10-08 14:52:55] [info]  [ 2424] Starting service...
[2019-10-08 14:53:00] [info]  [ 2424] Service started in 4425 ms.
[2019-10-08 14:55:20] [info]  [ 6120] Console SHUTDOWN event signaled
[2019-10-08 14:55:20] [info]  [ 6120] Stopping service...
[2019-10-08 14:55:25] [info]  [  856] Service SHUTDOWN signaled
[2019-10-08 14:55:25] [info]  [ 5992] Stopping service...
[2019-10-08 14:55:26] [info]  [ 6120] Service stop thread completed.
[2019-10-08 14:55:27] [info]  [ 5992] Service stop thread completed.
[2019-10-08 14:55:27] [info]  [  856] Run service finished.
[2019-10-08 14:55:27] [info]  [  856] Commons Daemon procrun finished
[2019-10-08 14:55:36] [info]  [ 1324] Commons Daemon procrun (1.0.15.0 64-bit) started
[2019-10-08 14:55:37] [info]  [ 1324] Running 'OTDS-Tomcat' Service...
[2019-10-08 14:55:38] [info]  [ 2704] Starting service...
[2019-10-08 14:55:42] [info]  [ 2704] Service started in 4200 ms.
[2019-10-08 15:01:33] [info]  [ 2116] Console SHUTDOWN event signaled
[2019-10-08 15:01:33] [info]  [ 2116] Stopping service...
[2019-10-08 15:01:38] [info]  [ 1324] Service SHUTDOWN signaled
[2019-10-08 15:01:38] [info]  [   84] Stopping service...
[2019-10-08 15:01:40] [info]  [   84] Service stop thread completed.
[2019-10-08 15:01:40] [info]  [ 2116] Service stop thread completed.
[2019-10-08 15:01:40] [info]  [ 1324] Run service finished.
[2019-10-08 15:01:40] [info]  [ 1324] Commons Daemon procrun finished
[2019-10-08 15:01:50] [info]  [ 1448] Commons Daemon procrun (1.0.15.0 64-bit) started
[2019-10-08 15:01:50] [info]  [ 1448] Running 'OTDS-Tomcat' Service...
[2019-10-08 15:01:51] [info]  [ 2716] Starting service...
[2019-10-08 15:01:55] [info]  [ 2716] Service started in 4303 ms.
[2019-10-09 12:37:37] [info]  [  680] Console SHUTDOWN event signaled
[2019-10-09 12:37:37] [info]  [  680] Stopping service...
[2019-10-09 12:37:42] [info]  [ 1448] Service SHUTDOWN signaled
[2019-10-09 12:37:42] [info]  [ 6056] Stopping service...
[2019-10-09 12:37:43] [info]  [ 6056] Service stop thread completed.
[2019-10-09 12:37:43] [info]  [  680] Service stop thread completed.
[2019-10-09 12:37:44] [info]  [ 1448] Run service finished.
[2019-10-09 12:37:44] [info]  [ 1448] Commons Daemon procrun finished
