
2019-08-12 16:20:04 Commons Daemon procrun stderr initialized
12-Aug-2019 16:20:06.448 INFO [main] org.apache.catalina.startup.VersionLoggerListener.log Server version:        Apache Tomcat/8.5.15
12-Aug-2019 16:20:06.448 INFO [main] org.apache.catalina.startup.VersionLoggerListener.log Server built:          May 5 2017 11:03:04 UTC
12-Aug-2019 16:20:06.448 INFO [main] org.apache.catalina.startup.VersionLoggerListener.log Server number:         8.5.15.0
12-Aug-2019 16:20:06.448 INFO [main] org.apache.catalina.startup.VersionLoggerListener.log OS Name:               Windows Server 2016
12-Aug-2019 16:20:06.464 INFO [main] org.apache.catalina.startup.VersionLoggerListener.log OS Version:            10.0
12-Aug-2019 16:20:06.464 INFO [main] org.apache.catalina.startup.VersionLoggerListener.log Architecture:          amd64
12-Aug-2019 16:20:06.464 INFO [main] org.apache.catalina.startup.VersionLoggerListener.log Java Home:             C:\Program Files\Java\jre1.8.0_152
12-Aug-2019 16:20:06.464 INFO [main] org.apache.catalina.startup.VersionLoggerListener.log JVM Version:           1.8.0_152-b16
12-Aug-2019 16:20:06.464 INFO [main] org.apache.catalina.startup.VersionLoggerListener.log JVM Vendor:            Oracle Corporation
12-Aug-2019 16:20:06.464 INFO [main] org.apache.catalina.startup.VersionLoggerListener.log CATALINA_BASE:         C:\Tomcats\OTDS
12-Aug-2019 16:20:06.464 INFO [main] org.apache.catalina.startup.VersionLoggerListener.log CATALINA_HOME:         C:\Tomcats\OTDS
12-Aug-2019 16:20:06.464 INFO [main] org.apache.catalina.startup.VersionLoggerListener.log Command line argument: -Dcatalina.home=C:\Tomcats\OTDS
12-Aug-2019 16:20:06.464 INFO [main] org.apache.catalina.startup.VersionLoggerListener.log Command line argument: -Dcatalina.base=C:\Tomcats\OTDS
12-Aug-2019 16:20:06.464 INFO [main] org.apache.catalina.startup.VersionLoggerListener.log Command line argument: -Djava.io.tmpdir=C:\Tomcats\OTDS\temp
12-Aug-2019 16:20:06.464 INFO [main] org.apache.catalina.startup.VersionLoggerListener.log Command line argument: -Djava.util.logging.manager=org.apache.juli.ClassLoaderLogManager
12-Aug-2019 16:20:06.464 INFO [main] org.apache.catalina.startup.VersionLoggerListener.log Command line argument: -Djava.util.logging.config.file=C:\Tomcats\OTDS\conf\logging.properties
12-Aug-2019 16:20:06.464 INFO [main] org.apache.catalina.startup.VersionLoggerListener.log Command line argument: exit
12-Aug-2019 16:20:06.464 INFO [main] org.apache.catalina.startup.VersionLoggerListener.log Command line argument: -Xms256m
12-Aug-2019 16:20:06.464 INFO [main] org.apache.catalina.startup.VersionLoggerListener.log Command line argument: -Xmx1024m
12-Aug-2019 16:20:06.464 INFO [main] org.apache.catalina.core.AprLifecycleListener.lifecycleEvent Loaded APR based Apache Tomcat Native library [1.2.12] using APR version [1.5.2].
12-Aug-2019 16:20:06.464 INFO [main] org.apache.catalina.core.AprLifecycleListener.lifecycleEvent APR capabilities: IPv6 [true], sendfile [true], accept filters [false], random [true].
12-Aug-2019 16:20:06.464 INFO [main] org.apache.catalina.core.AprLifecycleListener.lifecycleEvent APR/OpenSSL configuration: useAprConnector [false], useOpenSSL [true]
12-Aug-2019 16:20:07.448 INFO [main] org.apache.catalina.core.AprLifecycleListener.initializeSSL OpenSSL successfully initialized [OpenSSL 1.0.2k  26 Jan 2017]
12-Aug-2019 16:20:14.932 INFO [main] org.apache.coyote.AbstractProtocol.init Initializing ProtocolHandler ["http-nio-8084"]
12-Aug-2019 16:20:15.291 INFO [main] org.apache.tomcat.util.net.NioSelectorPool.getSharedSelector Using a shared selector for servlet write/read
12-Aug-2019 16:20:15.307 INFO [main] org.apache.coyote.AbstractProtocol.init Initializing ProtocolHandler ["https-openssl-nio-8443"]
12-Aug-2019 16:20:15.776 INFO [main] org.apache.tomcat.util.net.NioSelectorPool.getSharedSelector Using a shared selector for servlet write/read
12-Aug-2019 16:20:15.776 INFO [main] org.apache.coyote.AbstractProtocol.init Initializing ProtocolHandler ["ajp-nio-8008"]
12-Aug-2019 16:20:15.776 INFO [main] org.apache.tomcat.util.net.NioSelectorPool.getSharedSelector Using a shared selector for servlet write/read
12-Aug-2019 16:20:15.776 INFO [main] org.apache.catalina.startup.Catalina.load Initialization processed in 10371 ms
12-Aug-2019 16:20:15.823 INFO [main] org.apache.catalina.core.StandardService.startInternal Starting service [Catalina]
12-Aug-2019 16:20:15.823 INFO [main] org.apache.catalina.core.StandardEngine.startInternal Starting Servlet Engine: Apache Tomcat/8.5.15
12-Aug-2019 16:20:15.901 INFO [localhost-startStop-1] org.apache.catalina.startup.HostConfig.deployDescriptor Deploying configuration descriptor [C:\Tomcats\OTDS\conf\Catalina\localhost\ot-authws.xml]
12-Aug-2019 16:20:16.307 INFO [localhost-startStop-1] org.apache.jasper.servlet.TldScanner.scanJars At least one JAR was scanned for TLDs yet contained no TLDs. Enable debug logging for this logger for a complete list of JARs that were scanned but no TLDs were found in them. Skipping unneeded JARs during scanning can improve startup time and JSP compilation time.
12-Aug-2019 16:20:16.354 INFO [localhost-startStop-1] org.apache.catalina.startup.HostConfig.deployDescriptor Deployment of configuration descriptor [C:\Tomcats\OTDS\conf\Catalina\localhost\ot-authws.xml] has finished in [453] ms
12-Aug-2019 16:20:16.354 INFO [localhost-startStop-1] org.apache.catalina.startup.HostConfig.deployDescriptor Deploying configuration descriptor [C:\Tomcats\OTDS\conf\Catalina\localhost\otds-admin.xml]
12-Aug-2019 16:20:19.370 INFO [localhost-startStop-1] org.apache.jasper.servlet.TldScanner.scanJars At least one JAR was scanned for TLDs yet contained no TLDs. Enable debug logging for this logger for a complete list of JARs that were scanned but no TLDs were found in them. Skipping unneeded JARs during scanning can improve startup time and JSP compilation time.
12-Aug-2019 16:20:19.448 INFO [localhost-startStop-1] com.sun.jersey.server.impl.application.WebApplicationImpl._initiate Initiating Jersey application, version 'Jersey: 1.18 11/22/2013 01:21 AM'
12-Aug-2019 16:20:19.510 INFO [localhost-startStop-1] com.sun.jersey.server.impl.application.DeferredResourceConfig$ApplicationHolder.<init> Instantiated the Application class com.opentext.otds.webadmin.WebAdminApp
12-Aug-2019 16:20:19.761 INFO [localhost-startStop-1] org.apache.catalina.startup.HostConfig.deployDescriptor Deployment of configuration descriptor [C:\Tomcats\OTDS\conf\Catalina\localhost\otds-admin.xml] has finished in [3,407] ms
12-Aug-2019 16:20:19.761 INFO [localhost-startStop-1] org.apache.catalina.startup.HostConfig.deployDescriptor Deploying configuration descriptor [C:\Tomcats\OTDS\conf\Catalina\localhost\otds-usergroup.xml]
12-Aug-2019 16:20:19.792 INFO [localhost-startStop-1] org.apache.jasper.servlet.TldScanner.scanJars At least one JAR was scanned for TLDs yet contained no TLDs. Enable debug logging for this logger for a complete list of JARs that were scanned but no TLDs were found in them. Skipping unneeded JARs during scanning can improve startup time and JSP compilation time.
12-Aug-2019 16:20:19.792 INFO [localhost-startStop-1] org.apache.catalina.startup.HostConfig.deployDescriptor Deployment of configuration descriptor [C:\Tomcats\OTDS\conf\Catalina\localhost\otds-usergroup.xml] has finished in [31] ms
12-Aug-2019 16:20:19.792 INFO [localhost-startStop-1] org.apache.catalina.startup.HostConfig.deployDescriptor Deploying configuration descriptor [C:\Tomcats\OTDS\conf\Catalina\localhost\otds-v2.xml]
12-Aug-2019 16:20:19.932 INFO [localhost-startStop-1] org.apache.jasper.servlet.TldScanner.scanJars At least one JAR was scanned for TLDs yet contained no TLDs. Enable debug logging for this logger for a complete list of JARs that were scanned but no TLDs were found in them. Skipping unneeded JARs during scanning can improve startup time and JSP compilation time.
12-Aug-2019 16:20:19.932 INFO [localhost-startStop-1] org.apache.catalina.startup.HostConfig.deployDescriptor Deployment of configuration descriptor [C:\Tomcats\OTDS\conf\Catalina\localhost\otds-v2.xml] has finished in [140] ms
12-Aug-2019 16:20:19.932 INFO [localhost-startStop-1] org.apache.catalina.startup.HostConfig.deployDescriptor Deploying configuration descriptor [C:\Tomcats\OTDS\conf\Catalina\localhost\otdstenant.xml]
12-Aug-2019 16:20:19.964 INFO [localhost-startStop-1] org.apache.jasper.servlet.TldScanner.scanJars At least one JAR was scanned for TLDs yet contained no TLDs. Enable debug logging for this logger for a complete list of JARs that were scanned but no TLDs were found in them. Skipping unneeded JARs during scanning can improve startup time and JSP compilation time.
12-Aug-2019 16:20:19.964 INFO [localhost-startStop-1] org.apache.catalina.startup.HostConfig.deployDescriptor Deployment of configuration descriptor [C:\Tomcats\OTDS\conf\Catalina\localhost\otdstenant.xml] has finished in [32] ms
12-Aug-2019 16:20:19.964 INFO [localhost-startStop-1] org.apache.catalina.startup.HostConfig.deployDescriptor Deploying configuration descriptor [C:\Tomcats\OTDS\conf\Catalina\localhost\otdsws.xml]
12-Aug-2019 16:20:44.800 INFO [localhost-startStop-1] org.apache.jasper.servlet.TldScanner.scanJars At least one JAR was scanned for TLDs yet contained no TLDs. Enable debug logging for this logger for a complete list of JARs that were scanned but no TLDs were found in them. Skipping unneeded JARs during scanning can improve startup time and JSP compilation time.
12-Aug-2019 16:20:47.577 INFO [localhost-startStop-1] com.sun.xml.ws.transport.http.servlet.WSServletDelegate.<init> WSSERVLET14: JAX-WS servlet initializing
12-Aug-2019 16:20:47.593 INFO [localhost-startStop-1] com.sun.xml.ws.transport.http.servlet.WSServletContextListener.contextInitialized WSSERVLET12: JAX-WS context listener initializing
12-Aug-2019 16:20:47.593 INFO [localhost-startStop-1] com.sun.xml.ws.transport.http.servlet.WSServletContextListener.contextInitialized WSSERVLET12: JAX-WS context listener initializing
12-Aug-2019 16:20:58.047 INFO [localhost-startStop-1] com.sun.jersey.server.impl.application.WebApplicationImpl._initiate Initiating Jersey application, version 'Jersey: 1.18 11/22/2013 01:21 AM'
12-Aug-2019 16:20:59.597 INFO [localhost-startStop-1] com.sun.jersey.server.impl.application.DeferredResourceConfig$ApplicationHolder.<init> Instantiated the Application class com.opentext.otds.auth.OTDSOAuthApp
12-Aug-2019 16:21:00.082 INFO [localhost-startStop-1] com.sun.jersey.server.impl.application.WebApplicationImpl._initiate Initiating Jersey application, version 'Jersey: 1.18 11/22/2013 01:21 AM'
12-Aug-2019 16:21:00.098 INFO [localhost-startStop-1] com.sun.jersey.server.impl.application.DeferredResourceConfig$ApplicationHolder.<init> Instantiated the Application class com.opentext.otds.discovery.DiscoveryApp
12-Aug-2019 16:21:00.207 INFO [localhost-startStop-1] com.sun.jersey.server.impl.application.WebApplicationImpl._initiate Initiating Jersey application, version 'Jersey: 1.18 11/22/2013 01:21 AM'
12-Aug-2019 16:21:01.992 INFO [localhost-startStop-1] com.sun.jersey.server.impl.application.DeferredResourceConfig$ApplicationHolder.<init> Instantiated the Application class com.opentext.otds.restful.OTDSRESTApp
12-Aug-2019 16:21:02.398 INFO [localhost-startStop-1] com.sun.jersey.server.impl.application.WebApplicationImpl._initiate Initiating Jersey application, version 'Jersey: 1.18 11/22/2013 01:21 AM'
12-Aug-2019 16:21:03.181 INFO [localhost-startStop-1] com.sun.jersey.server.impl.application.DeferredResourceConfig$ApplicationHolder.<init> Instantiated the Application class com.opentext.otds.restful.OTDSV1App
12-Aug-2019 16:21:03.400 INFO [localhost-startStop-1] com.sun.jersey.server.impl.application.WebApplicationImpl._initiate Initiating Jersey application, version 'Jersey: 1.18 11/22/2013 01:21 AM'
12-Aug-2019 16:21:03.557 INFO [localhost-startStop-1] com.sun.jersey.server.impl.application.DeferredResourceConfig$ApplicationHolder.<init> Instantiated the Application class com.opentext.otds.scim.OTDSSCIMApp
12-Aug-2019 16:21:03.666 INFO [localhost-startStop-1] com.sun.jersey.server.impl.application.WebApplicationImpl._initiate Initiating Jersey application, version 'Jersey: 1.18 11/22/2013 01:21 AM'
12-Aug-2019 16:21:03.729 INFO [localhost-startStop-1] com.sun.jersey.server.impl.application.DeferredResourceConfig$ApplicationHolder.<init> Instantiated the Application class com.opentext.otds.sync.OTDSESApp
12-Aug-2019 16:21:03.822 INFO [localhost-startStop-1] com.sun.jersey.server.impl.application.WebApplicationImpl._initiate Initiating Jersey application, version 'Jersey: 1.18 11/22/2013 01:21 AM'
12-Aug-2019 16:21:03.995 INFO [localhost-startStop-1] com.sun.jersey.server.impl.application.DeferredResourceConfig$ApplicationHolder.<init> Instantiated the Application class com.opentext.sps.SPSApp
12-Aug-2019 16:21:04.182 INFO [localhost-startStop-1] org.apache.catalina.startup.HostConfig.deployDescriptor Deployment of configuration descriptor [C:\Tomcats\OTDS\conf\Catalina\localhost\otdsws.xml] has finished in [44,218] ms
12-Aug-2019 16:21:04.182 INFO [localhost-startStop-1] org.apache.catalina.startup.HostConfig.deployDirectory Deploying web application directory [C:\Tomcats\OTDS\webapps\host-manager]
12-Aug-2019 16:21:04.230 INFO [localhost-startStop-1] org.apache.catalina.startup.HostConfig.deployDirectory Deployment of web application directory [C:\Tomcats\OTDS\webapps\host-manager] has finished in [48] ms
12-Aug-2019 16:21:04.230 INFO [localhost-startStop-1] org.apache.catalina.startup.HostConfig.deployDirectory Deploying web application directory [C:\Tomcats\OTDS\webapps\manager]
12-Aug-2019 16:21:04.386 INFO [localhost-startStop-1] org.apache.catalina.startup.HostConfig.deployDirectory Deployment of web application directory [C:\Tomcats\OTDS\webapps\manager] has finished in [156] ms
12-Aug-2019 16:21:04.386 INFO [localhost-startStop-1] org.apache.catalina.startup.HostConfig.deployDirectory Deploying web application directory [C:\Tomcats\OTDS\webapps\repoadm]
12-Aug-2019 16:21:04.401 INFO [localhost-startStop-1] org.apache.catalina.startup.HostConfig.deployDirectory Deployment of web application directory [C:\Tomcats\OTDS\webapps\repoadm] has finished in [15] ms
12-Aug-2019 16:21:04.401 INFO [localhost-startStop-1] org.apache.catalina.startup.HostConfig.deployDirectory Deploying web application directory [C:\Tomcats\OTDS\webapps\ROOT]
12-Aug-2019 16:21:04.511 INFO [localhost-startStop-1] org.apache.catalina.startup.HostConfig.deployDirectory Deployment of web application directory [C:\Tomcats\OTDS\webapps\ROOT] has finished in [110] ms
12-Aug-2019 16:21:04.527 INFO [main] org.apache.coyote.AbstractProtocol.start Starting ProtocolHandler ["http-nio-8084"]
12-Aug-2019 16:21:04.558 INFO [main] org.apache.coyote.AbstractProtocol.start Starting ProtocolHandler ["https-openssl-nio-8443"]
12-Aug-2019 16:21:04.558 INFO [main] org.apache.coyote.AbstractProtocol.start Starting ProtocolHandler ["ajp-nio-8008"]
12-Aug-2019 16:21:04.558 INFO [main] org.apache.catalina.startup.Catalina.start Server startup in 48446 ms
12-Aug-2019 17:02:27.944 INFO [Thread-39] org.apache.coyote.AbstractProtocol.pause Pausing ProtocolHandler ["http-nio-8084"]
12-Aug-2019 17:02:28.010 INFO [Thread-39] org.apache.coyote.AbstractProtocol.pause Pausing ProtocolHandler ["https-openssl-nio-8443"]
12-Aug-2019 17:02:28.026 INFO [Thread-39] org.apache.coyote.AbstractProtocol.pause Pausing ProtocolHandler ["ajp-nio-8008"]
12-Aug-2019 17:02:28.041 INFO [Thread-39] org.apache.catalina.core.StandardService.stopInternal Stopping service [Catalina]
12-Aug-2019 17:02:34.643 INFO [localhost-startStop-2] com.sun.xml.ws.transport.http.servlet.WSServletDelegate.destroy WSSERVLET15: JAX-WS servlet destroyed
12-Aug-2019 17:02:34.658 INFO [localhost-startStop-2] com.sun.xml.ws.transport.http.servlet.WSServletContextListener.contextDestroyed WSSERVLET13: JAX-WS context listener destroyed
12-Aug-2019 17:02:34.658 INFO [localhost-startStop-2] com.sun.xml.ws.transport.http.servlet.WSServletContextListener.contextDestroyed WSSERVLET13: JAX-WS context listener destroyed
12-Aug-2019 17:02:34.658 WARNING [localhost-startStop-2] org.apache.catalina.loader.WebappClassLoaderBase.clearReferencesThreads The web application [otdsws] appears to have started a thread named [Thread-16] but has failed to stop it. This is very likely to create a memory leak. Stack trace of thread:
 sun.net.dns.ResolverConfigurationImpl.notifyAddrChange0(Native Method)
 sun.net.dns.ResolverConfigurationImpl$AddressChangeListener.run(Unknown Source)
12-Aug-2019 17:02:34.658 WARNING [localhost-startStop-2] org.apache.catalina.loader.WebappClassLoaderBase.clearReferencesThreads The web application [otdsws] appears to have started a thread named [Monitor Provider State Updater] but has failed to stop it. This is very likely to create a memory leak. Stack trace of thread:
 sun.misc.Unsafe.park(Native Method)
 java.util.concurrent.locks.LockSupport.parkNanos(Unknown Source)
 java.util.concurrent.locks.AbstractQueuedSynchronizer$ConditionObject.awaitNanos(Unknown Source)
 java.util.concurrent.ScheduledThreadPoolExecutor$DelayedWorkQueue.take(Unknown Source)
 java.util.concurrent.ScheduledThreadPoolExecutor$DelayedWorkQueue.take(Unknown Source)
 java.util.concurrent.ThreadPoolExecutor.getTask(Unknown Source)
 java.util.concurrent.ThreadPoolExecutor.runWorker(Unknown Source)
 java.util.concurrent.ThreadPoolExecutor$Worker.run(Unknown Source)
 java.lang.Thread.run(Unknown Source)
12-Aug-2019 17:02:34.658 SEVERE [localhost-startStop-2] org.apache.catalina.loader.WebappClassLoaderBase.checkThreadLocalMapForLeaks The web application [otdsws] created a ThreadLocal with key of type [com.opentext.ecm.components.runtimecontext.impl.RuntimeContext$1] (value [com.opentext.ecm.components.runtimecontext.impl.RuntimeContext$1@5adb63d7]) and a value of type [com.opentext.ecm.components.runtimecontext.impl.RuntimeContextThread] (value [com.opentext.ecm.components.runtimecontext.impl.RuntimeContextThread@1df71823]) but failed to remove it when the web application was stopped. Threads are going to be renewed over time to try and avoid a probable memory leak.
12-Aug-2019 17:02:34.674 INFO [Thread-39] org.apache.coyote.AbstractProtocol.stop Stopping ProtocolHandler ["http-nio-8084"]
12-Aug-2019 17:02:34.674 INFO [Thread-39] org.apache.coyote.AbstractProtocol.stop Stopping ProtocolHandler ["https-openssl-nio-8443"]
12-Aug-2019 17:02:34.674 INFO [Thread-39] org.apache.coyote.AbstractProtocol.stop Stopping ProtocolHandler ["ajp-nio-8008"]
12-Aug-2019 17:02:34.674 INFO [Thread-42] org.apache.catalina.util.LifecycleBase.stop The stop() method was called on component [StandardServer[8025]] after stop() had already been called. The second call will be ignored.
