
2020-07-21 04:34:38 Commons Daemon procrun stderr initialized
21-Jul-2020 04:34:47.203 INFO [main] org.apache.catalina.startup.VersionLoggerListener.log Server version:        Apache Tomcat/8.5.15
21-Jul-2020 04:34:47.284 INFO [main] org.apache.catalina.startup.VersionLoggerListener.log Server built:          May 5 2017 11:03:04 UTC
21-Jul-2020 04:34:47.284 INFO [main] org.apache.catalina.startup.VersionLoggerListener.log Server number:         8.5.15.0
21-Jul-2020 04:34:47.284 INFO [main] org.apache.catalina.startup.VersionLoggerListener.log OS Name:               Windows Server 2016
21-Jul-2020 04:34:47.303 INFO [main] org.apache.catalina.startup.VersionLoggerListener.log OS Version:            10.0
21-Jul-2020 04:34:47.303 INFO [main] org.apache.catalina.startup.VersionLoggerListener.log Architecture:          amd64
21-Jul-2020 04:34:47.303 INFO [main] org.apache.catalina.startup.VersionLoggerListener.log Java Home:             C:\Program Files\Java\jre1.8.0_152
21-Jul-2020 04:34:47.303 INFO [main] org.apache.catalina.startup.VersionLoggerListener.log JVM Version:           1.8.0_152-b16
21-Jul-2020 04:34:47.303 INFO [main] org.apache.catalina.startup.VersionLoggerListener.log JVM Vendor:            Oracle Corporation
21-Jul-2020 04:34:47.303 INFO [main] org.apache.catalina.startup.VersionLoggerListener.log CATALINA_BASE:         C:\Tomcats\OTDS
21-Jul-2020 04:34:47.303 INFO [main] org.apache.catalina.startup.VersionLoggerListener.log CATALINA_HOME:         C:\Tomcats\OTDS
21-Jul-2020 04:34:47.312 INFO [main] org.apache.catalina.startup.VersionLoggerListener.log Command line argument: -Dcatalina.home=C:\Tomcats\OTDS
21-Jul-2020 04:34:47.312 INFO [main] org.apache.catalina.startup.VersionLoggerListener.log Command line argument: -Dcatalina.base=C:\Tomcats\OTDS
21-Jul-2020 04:34:47.312 INFO [main] org.apache.catalina.startup.VersionLoggerListener.log Command line argument: -Djava.io.tmpdir=C:\Tomcats\OTDS\temp
21-Jul-2020 04:34:47.312 INFO [main] org.apache.catalina.startup.VersionLoggerListener.log Command line argument: -Djava.util.logging.manager=org.apache.juli.ClassLoaderLogManager
21-Jul-2020 04:34:47.312 INFO [main] org.apache.catalina.startup.VersionLoggerListener.log Command line argument: -Djava.util.logging.config.file=C:\Tomcats\OTDS\conf\logging.properties
21-Jul-2020 04:34:47.312 INFO [main] org.apache.catalina.startup.VersionLoggerListener.log Command line argument: exit
21-Jul-2020 04:34:47.312 INFO [main] org.apache.catalina.startup.VersionLoggerListener.log Command line argument: -Xms256m
21-Jul-2020 04:34:47.312 INFO [main] org.apache.catalina.startup.VersionLoggerListener.log Command line argument: -Xmx1024m
21-Jul-2020 04:34:47.312 INFO [main] org.apache.catalina.core.AprLifecycleListener.lifecycleEvent Loaded APR based Apache Tomcat Native library [1.2.12] using APR version [1.5.2].
21-Jul-2020 04:34:47.312 INFO [main] org.apache.catalina.core.AprLifecycleListener.lifecycleEvent APR capabilities: IPv6 [true], sendfile [true], accept filters [false], random [true].
21-Jul-2020 04:34:47.312 INFO [main] org.apache.catalina.core.AprLifecycleListener.lifecycleEvent APR/OpenSSL configuration: useAprConnector [false], useOpenSSL [true]
21-Jul-2020 04:34:48.577 INFO [main] org.apache.catalina.core.AprLifecycleListener.initializeSSL OpenSSL successfully initialized [OpenSSL 1.0.2k  26 Jan 2017]
21-Jul-2020 04:34:49.327 INFO [main] org.apache.coyote.AbstractProtocol.init Initializing ProtocolHandler ["http-nio-8084"]
21-Jul-2020 04:34:49.765 INFO [main] org.apache.tomcat.util.net.NioSelectorPool.getSharedSelector Using a shared selector for servlet write/read
21-Jul-2020 04:34:49.765 INFO [main] org.apache.coyote.AbstractProtocol.init Initializing ProtocolHandler ["https-openssl-nio-8443"]
21-Jul-2020 04:34:50.437 INFO [main] org.apache.tomcat.util.net.NioSelectorPool.getSharedSelector Using a shared selector for servlet write/read
21-Jul-2020 04:34:50.437 INFO [main] org.apache.coyote.AbstractProtocol.init Initializing ProtocolHandler ["ajp-nio-8008"]
21-Jul-2020 04:34:50.437 INFO [main] org.apache.tomcat.util.net.NioSelectorPool.getSharedSelector Using a shared selector for servlet write/read
21-Jul-2020 04:34:50.437 INFO [main] org.apache.catalina.startup.Catalina.load Initialization processed in 6856 ms
21-Jul-2020 04:34:50.593 INFO [main] org.apache.catalina.core.StandardService.startInternal Starting service [Catalina]
21-Jul-2020 04:34:50.593 INFO [main] org.apache.catalina.core.StandardEngine.startInternal Starting Servlet Engine: Apache Tomcat/8.5.15
21-Jul-2020 04:34:50.671 INFO [localhost-startStop-1] org.apache.catalina.startup.HostConfig.deployDescriptor Deploying configuration descriptor [C:\Tomcats\OTDS\conf\Catalina\localhost\ot-authws.xml]
21-Jul-2020 04:34:51.249 INFO [localhost-startStop-1] org.apache.jasper.servlet.TldScanner.scanJars At least one JAR was scanned for TLDs yet contained no TLDs. Enable debug logging for this logger for a complete list of JARs that were scanned but no TLDs were found in them. Skipping unneeded JARs during scanning can improve startup time and JSP compilation time.
21-Jul-2020 04:34:51.359 INFO [localhost-startStop-1] org.apache.catalina.startup.HostConfig.deployDescriptor Deployment of configuration descriptor [C:\Tomcats\OTDS\conf\Catalina\localhost\ot-authws.xml] has finished in [688] ms
21-Jul-2020 04:34:51.359 INFO [localhost-startStop-1] org.apache.catalina.startup.HostConfig.deployDescriptor Deploying configuration descriptor [C:\Tomcats\OTDS\conf\Catalina\localhost\otds-admin.xml]
21-Jul-2020 04:34:52.156 INFO [localhost-startStop-1] org.apache.jasper.servlet.TldScanner.scanJars At least one JAR was scanned for TLDs yet contained no TLDs. Enable debug logging for this logger for a complete list of JARs that were scanned but no TLDs were found in them. Skipping unneeded JARs during scanning can improve startup time and JSP compilation time.
21-Jul-2020 04:34:52.327 INFO [localhost-startStop-1] com.sun.jersey.server.impl.application.WebApplicationImpl._initiate Initiating Jersey application, version 'Jersey: 1.18 11/22/2013 01:21 AM'
21-Jul-2020 04:34:52.406 INFO [localhost-startStop-1] com.sun.jersey.server.impl.application.DeferredResourceConfig$ApplicationHolder.<init> Instantiated the Application class com.opentext.otds.webadmin.WebAdminApp
21-Jul-2020 04:34:52.812 INFO [localhost-startStop-1] org.apache.catalina.startup.HostConfig.deployDescriptor Deployment of configuration descriptor [C:\Tomcats\OTDS\conf\Catalina\localhost\otds-admin.xml] has finished in [1,453] ms
21-Jul-2020 04:34:52.812 INFO [localhost-startStop-1] org.apache.catalina.startup.HostConfig.deployDescriptor Deploying configuration descriptor [C:\Tomcats\OTDS\conf\Catalina\localhost\otds-usergroup.xml]
21-Jul-2020 04:34:52.890 INFO [localhost-startStop-1] org.apache.jasper.servlet.TldScanner.scanJars At least one JAR was scanned for TLDs yet contained no TLDs. Enable debug logging for this logger for a complete list of JARs that were scanned but no TLDs were found in them. Skipping unneeded JARs during scanning can improve startup time and JSP compilation time.
21-Jul-2020 04:34:52.890 INFO [localhost-startStop-1] org.apache.catalina.startup.HostConfig.deployDescriptor Deployment of configuration descriptor [C:\Tomcats\OTDS\conf\Catalina\localhost\otds-usergroup.xml] has finished in [78] ms
21-Jul-2020 04:34:52.890 INFO [localhost-startStop-1] org.apache.catalina.startup.HostConfig.deployDescriptor Deploying configuration descriptor [C:\Tomcats\OTDS\conf\Catalina\localhost\otds-v2.xml]
21-Jul-2020 04:34:52.906 INFO [localhost-startStop-1] org.apache.jasper.servlet.TldScanner.scanJars At least one JAR was scanned for TLDs yet contained no TLDs. Enable debug logging for this logger for a complete list of JARs that were scanned but no TLDs were found in them. Skipping unneeded JARs during scanning can improve startup time and JSP compilation time.
21-Jul-2020 04:34:52.921 INFO [localhost-startStop-1] org.apache.catalina.startup.HostConfig.deployDescriptor Deployment of configuration descriptor [C:\Tomcats\OTDS\conf\Catalina\localhost\otds-v2.xml] has finished in [31] ms
21-Jul-2020 04:34:52.921 INFO [localhost-startStop-1] org.apache.catalina.startup.HostConfig.deployDescriptor Deploying configuration descriptor [C:\Tomcats\OTDS\conf\Catalina\localhost\otdstenant.xml]
21-Jul-2020 04:34:52.937 INFO [localhost-startStop-1] org.apache.jasper.servlet.TldScanner.scanJars At least one JAR was scanned for TLDs yet contained no TLDs. Enable debug logging for this logger for a complete list of JARs that were scanned but no TLDs were found in them. Skipping unneeded JARs during scanning can improve startup time and JSP compilation time.
21-Jul-2020 04:34:52.937 INFO [localhost-startStop-1] org.apache.catalina.startup.HostConfig.deployDescriptor Deployment of configuration descriptor [C:\Tomcats\OTDS\conf\Catalina\localhost\otdstenant.xml] has finished in [16] ms
21-Jul-2020 04:34:52.937 INFO [localhost-startStop-1] org.apache.catalina.startup.HostConfig.deployDescriptor Deploying configuration descriptor [C:\Tomcats\OTDS\conf\Catalina\localhost\otdsws.xml]
21-Jul-2020 04:34:58.890 INFO [localhost-startStop-1] org.apache.jasper.servlet.TldScanner.scanJars At least one JAR was scanned for TLDs yet contained no TLDs. Enable debug logging for this logger for a complete list of JARs that were scanned but no TLDs were found in them. Skipping unneeded JARs during scanning can improve startup time and JSP compilation time.
21-Jul-2020 04:35:02.624 INFO [localhost-startStop-1] com.sun.xml.ws.transport.http.servlet.WSServletDelegate.<init> WSSERVLET14: JAX-WS servlet initializing
21-Jul-2020 04:35:02.624 INFO [localhost-startStop-1] com.sun.xml.ws.transport.http.servlet.WSServletContextListener.contextInitialized WSSERVLET12: JAX-WS context listener initializing
21-Jul-2020 04:35:02.624 INFO [localhost-startStop-1] com.sun.xml.ws.transport.http.servlet.WSServletContextListener.contextInitialized WSSERVLET12: JAX-WS context listener initializing
21-Jul-2020 04:35:11.468 INFO [localhost-startStop-1] com.sun.jersey.server.impl.application.WebApplicationImpl._initiate Initiating Jersey application, version 'Jersey: 1.18 11/22/2013 01:21 AM'
21-Jul-2020 04:35:12.781 INFO [localhost-startStop-1] com.sun.jersey.server.impl.application.DeferredResourceConfig$ApplicationHolder.<init> Instantiated the Application class com.opentext.otds.auth.OTDSOAuthApp
21-Jul-2020 04:35:13.218 INFO [localhost-startStop-1] com.sun.jersey.server.impl.application.WebApplicationImpl._initiate Initiating Jersey application, version 'Jersey: 1.18 11/22/2013 01:21 AM'
21-Jul-2020 04:35:13.234 INFO [localhost-startStop-1] com.sun.jersey.server.impl.application.DeferredResourceConfig$ApplicationHolder.<init> Instantiated the Application class com.opentext.otds.discovery.DiscoveryApp
21-Jul-2020 04:35:13.359 INFO [localhost-startStop-1] com.sun.jersey.server.impl.application.WebApplicationImpl._initiate Initiating Jersey application, version 'Jersey: 1.18 11/22/2013 01:21 AM'
21-Jul-2020 04:35:14.859 INFO [localhost-startStop-1] com.sun.jersey.server.impl.application.DeferredResourceConfig$ApplicationHolder.<init> Instantiated the Application class com.opentext.otds.restful.OTDSRESTApp
21-Jul-2020 04:35:15.327 INFO [localhost-startStop-1] com.sun.jersey.server.impl.application.WebApplicationImpl._initiate Initiating Jersey application, version 'Jersey: 1.18 11/22/2013 01:21 AM'
21-Jul-2020 04:35:16.140 INFO [localhost-startStop-1] com.sun.jersey.server.impl.application.DeferredResourceConfig$ApplicationHolder.<init> Instantiated the Application class com.opentext.otds.restful.OTDSV1App
21-Jul-2020 04:35:16.406 INFO [localhost-startStop-1] com.sun.jersey.server.impl.application.WebApplicationImpl._initiate Initiating Jersey application, version 'Jersey: 1.18 11/22/2013 01:21 AM'
21-Jul-2020 04:35:16.546 INFO [localhost-startStop-1] com.sun.jersey.server.impl.application.DeferredResourceConfig$ApplicationHolder.<init> Instantiated the Application class com.opentext.otds.scim.OTDSSCIMApp
21-Jul-2020 04:35:16.656 INFO [localhost-startStop-1] com.sun.jersey.server.impl.application.WebApplicationImpl._initiate Initiating Jersey application, version 'Jersey: 1.18 11/22/2013 01:21 AM'
21-Jul-2020 04:35:16.702 INFO [localhost-startStop-1] com.sun.jersey.server.impl.application.DeferredResourceConfig$ApplicationHolder.<init> Instantiated the Application class com.opentext.otds.sync.OTDSESApp
21-Jul-2020 04:35:16.796 INFO [localhost-startStop-1] com.sun.jersey.server.impl.application.WebApplicationImpl._initiate Initiating Jersey application, version 'Jersey: 1.18 11/22/2013 01:21 AM'
21-Jul-2020 04:35:16.921 INFO [localhost-startStop-1] com.sun.jersey.server.impl.application.DeferredResourceConfig$ApplicationHolder.<init> Instantiated the Application class com.opentext.sps.SPSApp
21-Jul-2020 04:35:17.031 INFO [localhost-startStop-1] org.apache.catalina.startup.HostConfig.deployDescriptor Deployment of configuration descriptor [C:\Tomcats\OTDS\conf\Catalina\localhost\otdsws.xml] has finished in [24,094] ms
21-Jul-2020 04:35:17.031 INFO [localhost-startStop-1] org.apache.catalina.startup.HostConfig.deployDirectory Deploying web application directory [C:\Tomcats\OTDS\webapps\host-manager]
21-Jul-2020 04:35:17.062 INFO [localhost-startStop-1] org.apache.catalina.startup.HostConfig.deployDirectory Deployment of web application directory [C:\Tomcats\OTDS\webapps\host-manager] has finished in [31] ms
21-Jul-2020 04:35:17.062 INFO [localhost-startStop-1] org.apache.catalina.startup.HostConfig.deployDirectory Deploying web application directory [C:\Tomcats\OTDS\webapps\manager]
21-Jul-2020 04:35:17.077 INFO [localhost-startStop-1] org.apache.catalina.startup.HostConfig.deployDirectory Deployment of web application directory [C:\Tomcats\OTDS\webapps\manager] has finished in [15] ms
21-Jul-2020 04:35:17.077 INFO [localhost-startStop-1] org.apache.catalina.startup.HostConfig.deployDirectory Deploying web application directory [C:\Tomcats\OTDS\webapps\ROOT]
21-Jul-2020 04:35:17.093 INFO [localhost-startStop-1] org.apache.catalina.startup.HostConfig.deployDirectory Deployment of web application directory [C:\Tomcats\OTDS\webapps\ROOT] has finished in [16] ms
21-Jul-2020 04:35:17.093 INFO [main] org.apache.coyote.AbstractProtocol.start Starting ProtocolHandler ["http-nio-8084"]
21-Jul-2020 04:35:17.109 INFO [main] org.apache.coyote.AbstractProtocol.start Starting ProtocolHandler ["https-openssl-nio-8443"]
21-Jul-2020 04:35:17.109 INFO [main] org.apache.coyote.AbstractProtocol.start Starting ProtocolHandler ["ajp-nio-8008"]
21-Jul-2020 04:35:17.124 INFO [main] org.apache.catalina.startup.Catalina.start Server startup in 26677 ms
20-Jul-2020 22:37:00.594 INFO [Thread-39] org.apache.coyote.AbstractProtocol.pause Pausing ProtocolHandler ["http-nio-8084"]
20-Jul-2020 22:37:00.656 INFO [Thread-39] org.apache.coyote.AbstractProtocol.pause Pausing ProtocolHandler ["https-openssl-nio-8443"]
20-Jul-2020 22:37:00.719 INFO [Thread-39] org.apache.coyote.AbstractProtocol.pause Pausing ProtocolHandler ["ajp-nio-8008"]
20-Jul-2020 22:37:00.781 INFO [Thread-39] org.apache.catalina.core.StandardService.stopInternal Stopping service [Catalina]
20-Jul-2020 22:37:06.859 INFO [localhost-startStop-2] com.sun.xml.ws.transport.http.servlet.WSServletDelegate.destroy WSSERVLET15: JAX-WS servlet destroyed
20-Jul-2020 22:37:06.859 INFO [localhost-startStop-2] com.sun.xml.ws.transport.http.servlet.WSServletContextListener.contextDestroyed WSSERVLET13: JAX-WS context listener destroyed
20-Jul-2020 22:37:06.859 INFO [localhost-startStop-2] com.sun.xml.ws.transport.http.servlet.WSServletContextListener.contextDestroyed WSSERVLET13: JAX-WS context listener destroyed
20-Jul-2020 22:37:06.859 WARNING [localhost-startStop-2] org.apache.catalina.loader.WebappClassLoaderBase.clearReferencesThreads The web application [otdsws] appears to have started a thread named [Thread-15] but has failed to stop it. This is very likely to create a memory leak. Stack trace of thread:
 sun.net.dns.ResolverConfigurationImpl.notifyAddrChange0(Native Method)
 sun.net.dns.ResolverConfigurationImpl$AddressChangeListener.run(Unknown Source)
20-Jul-2020 22:37:06.859 WARNING [localhost-startStop-2] org.apache.catalina.loader.WebappClassLoaderBase.clearReferencesThreads The web application [otdsws] appears to have started a thread named [Monitor Provider State Updater] but has failed to stop it. This is very likely to create a memory leak. Stack trace of thread:
 sun.misc.Unsafe.park(Native Method)
 java.util.concurrent.locks.LockSupport.parkNanos(Unknown Source)
 java.util.concurrent.locks.AbstractQueuedSynchronizer$ConditionObject.awaitNanos(Unknown Source)
 java.util.concurrent.ScheduledThreadPoolExecutor$DelayedWorkQueue.take(Unknown Source)
 java.util.concurrent.ScheduledThreadPoolExecutor$DelayedWorkQueue.take(Unknown Source)
 java.util.concurrent.ThreadPoolExecutor.getTask(Unknown Source)
 java.util.concurrent.ThreadPoolExecutor.runWorker(Unknown Source)
 java.util.concurrent.ThreadPoolExecutor$Worker.run(Unknown Source)
 java.lang.Thread.run(Unknown Source)
20-Jul-2020 22:37:06.875 SEVERE [localhost-startStop-2] org.apache.catalina.loader.WebappClassLoaderBase.checkThreadLocalMapForLeaks The web application [otdsws] created a ThreadLocal with key of type [com.opentext.ecm.components.runtimecontext.impl.RuntimeContext$1] (value [com.opentext.ecm.components.runtimecontext.impl.RuntimeContext$1@7c64d27c]) and a value of type [com.opentext.ecm.components.runtimecontext.impl.RuntimeContextThread] (value [com.opentext.ecm.components.runtimecontext.impl.RuntimeContextThread@2d6f86]) but failed to remove it when the web application was stopped. Threads are going to be renewed over time to try and avoid a probable memory leak.
20-Jul-2020 22:37:06.875 INFO [Thread-39] org.apache.coyote.AbstractProtocol.stop Stopping ProtocolHandler ["http-nio-8084"]
20-Jul-2020 22:37:06.875 INFO [Thread-39] org.apache.coyote.AbstractProtocol.stop Stopping ProtocolHandler ["https-openssl-nio-8443"]
20-Jul-2020 22:37:06.891 INFO [Thread-39] org.apache.coyote.AbstractProtocol.stop Stopping ProtocolHandler ["ajp-nio-8008"]
20-Jul-2020 22:37:06.891 INFO [Thread-42] org.apache.catalina.util.LifecycleBase.stop The stop() method was called on component [StandardServer[8025]] after stop() had already been called. The second call will be ignored.

2020-07-21 00:37:19 Commons Daemon procrun stderr initialized
21-Jul-2020 00:37:26.459 INFO [main] org.apache.catalina.startup.VersionLoggerListener.log Server version:        Apache Tomcat/8.5.15
21-Jul-2020 00:37:26.520 INFO [main] org.apache.catalina.startup.VersionLoggerListener.log Server built:          May 5 2017 11:03:04 UTC
21-Jul-2020 00:37:26.520 INFO [main] org.apache.catalina.startup.VersionLoggerListener.log Server number:         8.5.15.0
21-Jul-2020 00:37:26.520 INFO [main] org.apache.catalina.startup.VersionLoggerListener.log OS Name:               Windows Server 2016
21-Jul-2020 00:37:26.520 INFO [main] org.apache.catalina.startup.VersionLoggerListener.log OS Version:            10.0
21-Jul-2020 00:37:26.520 INFO [main] org.apache.catalina.startup.VersionLoggerListener.log Architecture:          amd64
21-Jul-2020 00:37:26.520 INFO [main] org.apache.catalina.startup.VersionLoggerListener.log Java Home:             C:\Program Files\Java\jre1.8.0_152
21-Jul-2020 00:37:26.520 INFO [main] org.apache.catalina.startup.VersionLoggerListener.log JVM Version:           1.8.0_152-b16
21-Jul-2020 00:37:26.520 INFO [main] org.apache.catalina.startup.VersionLoggerListener.log JVM Vendor:            Oracle Corporation
21-Jul-2020 00:37:26.520 INFO [main] org.apache.catalina.startup.VersionLoggerListener.log CATALINA_BASE:         C:\Tomcats\OTDS
21-Jul-2020 00:37:26.520 INFO [main] org.apache.catalina.startup.VersionLoggerListener.log CATALINA_HOME:         C:\Tomcats\OTDS
21-Jul-2020 00:37:26.520 INFO [main] org.apache.catalina.startup.VersionLoggerListener.log Command line argument: -Dcatalina.home=C:\Tomcats\OTDS
21-Jul-2020 00:37:26.520 INFO [main] org.apache.catalina.startup.VersionLoggerListener.log Command line argument: -Dcatalina.base=C:\Tomcats\OTDS
21-Jul-2020 00:37:26.520 INFO [main] org.apache.catalina.startup.VersionLoggerListener.log Command line argument: -Djava.io.tmpdir=C:\Tomcats\OTDS\temp
21-Jul-2020 00:37:26.520 INFO [main] org.apache.catalina.startup.VersionLoggerListener.log Command line argument: -Djava.util.logging.manager=org.apache.juli.ClassLoaderLogManager
21-Jul-2020 00:37:26.520 INFO [main] org.apache.catalina.startup.VersionLoggerListener.log Command line argument: -Djava.util.logging.config.file=C:\Tomcats\OTDS\conf\logging.properties
21-Jul-2020 00:37:26.520 INFO [main] org.apache.catalina.startup.VersionLoggerListener.log Command line argument: exit
21-Jul-2020 00:37:26.520 INFO [main] org.apache.catalina.startup.VersionLoggerListener.log Command line argument: -Xms256m
21-Jul-2020 00:37:26.520 INFO [main] org.apache.catalina.startup.VersionLoggerListener.log Command line argument: -Xmx1024m
21-Jul-2020 00:37:26.520 INFO [main] org.apache.catalina.core.AprLifecycleListener.lifecycleEvent Loaded APR based Apache Tomcat Native library [1.2.12] using APR version [1.5.2].
21-Jul-2020 00:37:26.520 INFO [main] org.apache.catalina.core.AprLifecycleListener.lifecycleEvent APR capabilities: IPv6 [true], sendfile [true], accept filters [false], random [true].
21-Jul-2020 00:37:26.520 INFO [main] org.apache.catalina.core.AprLifecycleListener.lifecycleEvent APR/OpenSSL configuration: useAprConnector [false], useOpenSSL [true]
21-Jul-2020 00:37:27.662 INFO [main] org.apache.catalina.core.AprLifecycleListener.initializeSSL OpenSSL successfully initialized [OpenSSL 1.0.2k  26 Jan 2017]
21-Jul-2020 00:37:28.129 INFO [main] org.apache.coyote.AbstractProtocol.init Initializing ProtocolHandler ["http-nio-8084"]
21-Jul-2020 00:37:28.551 INFO [main] org.apache.tomcat.util.net.NioSelectorPool.getSharedSelector Using a shared selector for servlet write/read
21-Jul-2020 00:37:28.567 INFO [main] org.apache.coyote.AbstractProtocol.init Initializing ProtocolHandler ["https-openssl-nio-8443"]
21-Jul-2020 00:37:29.379 INFO [main] org.apache.tomcat.util.net.NioSelectorPool.getSharedSelector Using a shared selector for servlet write/read
21-Jul-2020 00:37:29.379 INFO [main] org.apache.coyote.AbstractProtocol.init Initializing ProtocolHandler ["ajp-nio-8008"]
21-Jul-2020 00:37:29.379 INFO [main] org.apache.tomcat.util.net.NioSelectorPool.getSharedSelector Using a shared selector for servlet write/read
21-Jul-2020 00:37:29.379 INFO [main] org.apache.catalina.startup.Catalina.load Initialization processed in 5885 ms
21-Jul-2020 00:37:29.442 INFO [main] org.apache.catalina.core.StandardService.startInternal Starting service [Catalina]
21-Jul-2020 00:37:29.458 INFO [main] org.apache.catalina.core.StandardEngine.startInternal Starting Servlet Engine: Apache Tomcat/8.5.15
21-Jul-2020 00:37:29.505 INFO [localhost-startStop-1] org.apache.catalina.startup.HostConfig.deployDescriptor Deploying configuration descriptor [C:\Tomcats\OTDS\conf\Catalina\localhost\ot-authws.xml]
21-Jul-2020 00:37:29.973 INFO [localhost-startStop-1] org.apache.jasper.servlet.TldScanner.scanJars At least one JAR was scanned for TLDs yet contained no TLDs. Enable debug logging for this logger for a complete list of JARs that were scanned but no TLDs were found in them. Skipping unneeded JARs during scanning can improve startup time and JSP compilation time.
21-Jul-2020 00:37:30.067 INFO [localhost-startStop-1] org.apache.catalina.startup.HostConfig.deployDescriptor Deployment of configuration descriptor [C:\Tomcats\OTDS\conf\Catalina\localhost\ot-authws.xml] has finished in [562] ms
21-Jul-2020 00:37:30.067 INFO [localhost-startStop-1] org.apache.catalina.startup.HostConfig.deployDescriptor Deploying configuration descriptor [C:\Tomcats\OTDS\conf\Catalina\localhost\otds-admin.xml]
21-Jul-2020 00:37:30.895 INFO [localhost-startStop-1] org.apache.jasper.servlet.TldScanner.scanJars At least one JAR was scanned for TLDs yet contained no TLDs. Enable debug logging for this logger for a complete list of JARs that were scanned but no TLDs were found in them. Skipping unneeded JARs during scanning can improve startup time and JSP compilation time.
21-Jul-2020 00:37:31.051 INFO [localhost-startStop-1] com.sun.jersey.server.impl.application.WebApplicationImpl._initiate Initiating Jersey application, version 'Jersey: 1.18 11/22/2013 01:21 AM'
21-Jul-2020 00:37:31.129 INFO [localhost-startStop-1] com.sun.jersey.server.impl.application.DeferredResourceConfig$ApplicationHolder.<init> Instantiated the Application class com.opentext.otds.webadmin.WebAdminApp
21-Jul-2020 00:37:31.536 INFO [localhost-startStop-1] org.apache.catalina.startup.HostConfig.deployDescriptor Deployment of configuration descriptor [C:\Tomcats\OTDS\conf\Catalina\localhost\otds-admin.xml] has finished in [1,469] ms
21-Jul-2020 00:37:31.536 INFO [localhost-startStop-1] org.apache.catalina.startup.HostConfig.deployDescriptor Deploying configuration descriptor [C:\Tomcats\OTDS\conf\Catalina\localhost\otds-usergroup.xml]
21-Jul-2020 00:37:31.551 INFO [localhost-startStop-1] org.apache.jasper.servlet.TldScanner.scanJars At least one JAR was scanned for TLDs yet contained no TLDs. Enable debug logging for this logger for a complete list of JARs that were scanned but no TLDs were found in them. Skipping unneeded JARs during scanning can improve startup time and JSP compilation time.
21-Jul-2020 00:37:31.567 INFO [localhost-startStop-1] org.apache.catalina.startup.HostConfig.deployDescriptor Deployment of configuration descriptor [C:\Tomcats\OTDS\conf\Catalina\localhost\otds-usergroup.xml] has finished in [31] ms
21-Jul-2020 00:37:31.567 INFO [localhost-startStop-1] org.apache.catalina.startup.HostConfig.deployDescriptor Deploying configuration descriptor [C:\Tomcats\OTDS\conf\Catalina\localhost\otds-v2.xml]
21-Jul-2020 00:37:31.583 INFO [localhost-startStop-1] org.apache.jasper.servlet.TldScanner.scanJars At least one JAR was scanned for TLDs yet contained no TLDs. Enable debug logging for this logger for a complete list of JARs that were scanned but no TLDs were found in them. Skipping unneeded JARs during scanning can improve startup time and JSP compilation time.
21-Jul-2020 00:37:31.598 INFO [localhost-startStop-1] org.apache.catalina.startup.HostConfig.deployDescriptor Deployment of configuration descriptor [C:\Tomcats\OTDS\conf\Catalina\localhost\otds-v2.xml] has finished in [31] ms
21-Jul-2020 00:37:31.598 INFO [localhost-startStop-1] org.apache.catalina.startup.HostConfig.deployDescriptor Deploying configuration descriptor [C:\Tomcats\OTDS\conf\Catalina\localhost\otdstenant.xml]
21-Jul-2020 00:37:31.692 INFO [localhost-startStop-1] org.apache.jasper.servlet.TldScanner.scanJars At least one JAR was scanned for TLDs yet contained no TLDs. Enable debug logging for this logger for a complete list of JARs that were scanned but no TLDs were found in them. Skipping unneeded JARs during scanning can improve startup time and JSP compilation time.
21-Jul-2020 00:37:31.692 INFO [localhost-startStop-1] org.apache.catalina.startup.HostConfig.deployDescriptor Deployment of configuration descriptor [C:\Tomcats\OTDS\conf\Catalina\localhost\otdstenant.xml] has finished in [94] ms
21-Jul-2020 00:37:31.692 INFO [localhost-startStop-1] org.apache.catalina.startup.HostConfig.deployDescriptor Deploying configuration descriptor [C:\Tomcats\OTDS\conf\Catalina\localhost\otdsws.xml]
21-Jul-2020 00:37:37.645 INFO [localhost-startStop-1] org.apache.jasper.servlet.TldScanner.scanJars At least one JAR was scanned for TLDs yet contained no TLDs. Enable debug logging for this logger for a complete list of JARs that were scanned but no TLDs were found in them. Skipping unneeded JARs during scanning can improve startup time and JSP compilation time.
21-Jul-2020 00:37:41.395 INFO [localhost-startStop-1] com.sun.xml.ws.transport.http.servlet.WSServletDelegate.<init> WSSERVLET14: JAX-WS servlet initializing
21-Jul-2020 00:37:41.395 INFO [localhost-startStop-1] com.sun.xml.ws.transport.http.servlet.WSServletContextListener.contextInitialized WSSERVLET12: JAX-WS context listener initializing
21-Jul-2020 00:37:41.395 INFO [localhost-startStop-1] com.sun.xml.ws.transport.http.servlet.WSServletContextListener.contextInitialized WSSERVLET12: JAX-WS context listener initializing
21-Jul-2020 00:37:50.129 INFO [localhost-startStop-1] com.sun.jersey.server.impl.application.WebApplicationImpl._initiate Initiating Jersey application, version 'Jersey: 1.18 11/22/2013 01:21 AM'
21-Jul-2020 00:37:51.426 INFO [localhost-startStop-1] com.sun.jersey.server.impl.application.DeferredResourceConfig$ApplicationHolder.<init> Instantiated the Application class com.opentext.otds.auth.OTDSOAuthApp
21-Jul-2020 00:37:51.848 INFO [localhost-startStop-1] com.sun.jersey.server.impl.application.WebApplicationImpl._initiate Initiating Jersey application, version 'Jersey: 1.18 11/22/2013 01:21 AM'
21-Jul-2020 00:37:51.864 INFO [localhost-startStop-1] com.sun.jersey.server.impl.application.DeferredResourceConfig$ApplicationHolder.<init> Instantiated the Application class com.opentext.otds.discovery.DiscoveryApp
21-Jul-2020 00:37:52.067 INFO [localhost-startStop-1] com.sun.jersey.server.impl.application.WebApplicationImpl._initiate Initiating Jersey application, version 'Jersey: 1.18 11/22/2013 01:21 AM'
21-Jul-2020 00:37:53.442 INFO [localhost-startStop-1] com.sun.jersey.server.impl.application.DeferredResourceConfig$ApplicationHolder.<init> Instantiated the Application class com.opentext.otds.restful.OTDSRESTApp
21-Jul-2020 00:37:53.879 INFO [localhost-startStop-1] com.sun.jersey.server.impl.application.WebApplicationImpl._initiate Initiating Jersey application, version 'Jersey: 1.18 11/22/2013 01:21 AM'
21-Jul-2020 00:37:54.692 INFO [localhost-startStop-1] com.sun.jersey.server.impl.application.DeferredResourceConfig$ApplicationHolder.<init> Instantiated the Application class com.opentext.otds.restful.OTDSV1App
21-Jul-2020 00:37:54.973 INFO [localhost-startStop-1] com.sun.jersey.server.impl.application.WebApplicationImpl._initiate Initiating Jersey application, version 'Jersey: 1.18 11/22/2013 01:21 AM'
21-Jul-2020 00:37:55.114 INFO [localhost-startStop-1] com.sun.jersey.server.impl.application.DeferredResourceConfig$ApplicationHolder.<init> Instantiated the Application class com.opentext.otds.scim.OTDSSCIMApp
21-Jul-2020 00:37:55.223 INFO [localhost-startStop-1] com.sun.jersey.server.impl.application.WebApplicationImpl._initiate Initiating Jersey application, version 'Jersey: 1.18 11/22/2013 01:21 AM'
21-Jul-2020 00:37:55.254 INFO [localhost-startStop-1] com.sun.jersey.server.impl.application.DeferredResourceConfig$ApplicationHolder.<init> Instantiated the Application class com.opentext.otds.sync.OTDSESApp
21-Jul-2020 00:37:55.348 INFO [localhost-startStop-1] com.sun.jersey.server.impl.application.WebApplicationImpl._initiate Initiating Jersey application, version 'Jersey: 1.18 11/22/2013 01:21 AM'
21-Jul-2020 00:37:55.473 INFO [localhost-startStop-1] com.sun.jersey.server.impl.application.DeferredResourceConfig$ApplicationHolder.<init> Instantiated the Application class com.opentext.sps.SPSApp
21-Jul-2020 00:37:55.567 INFO [localhost-startStop-1] org.apache.catalina.startup.HostConfig.deployDescriptor Deployment of configuration descriptor [C:\Tomcats\OTDS\conf\Catalina\localhost\otdsws.xml] has finished in [23,875] ms
21-Jul-2020 00:37:55.567 INFO [localhost-startStop-1] org.apache.catalina.startup.HostConfig.deployDirectory Deploying web application directory [C:\Tomcats\OTDS\webapps\host-manager]
21-Jul-2020 00:37:55.598 INFO [localhost-startStop-1] org.apache.catalina.startup.HostConfig.deployDirectory Deployment of web application directory [C:\Tomcats\OTDS\webapps\host-manager] has finished in [31] ms
21-Jul-2020 00:37:55.598 INFO [localhost-startStop-1] org.apache.catalina.startup.HostConfig.deployDirectory Deploying web application directory [C:\Tomcats\OTDS\webapps\manager]
21-Jul-2020 00:37:55.614 INFO [localhost-startStop-1] org.apache.catalina.startup.HostConfig.deployDirectory Deployment of web application directory [C:\Tomcats\OTDS\webapps\manager] has finished in [16] ms
21-Jul-2020 00:37:55.614 INFO [localhost-startStop-1] org.apache.catalina.startup.HostConfig.deployDirectory Deploying web application directory [C:\Tomcats\OTDS\webapps\ROOT]
21-Jul-2020 00:37:55.629 INFO [localhost-startStop-1] org.apache.catalina.startup.HostConfig.deployDirectory Deployment of web application directory [C:\Tomcats\OTDS\webapps\ROOT] has finished in [15] ms
21-Jul-2020 00:37:55.645 INFO [main] org.apache.coyote.AbstractProtocol.start Starting ProtocolHandler ["http-nio-8084"]
21-Jul-2020 00:37:55.645 INFO [main] org.apache.coyote.AbstractProtocol.start Starting ProtocolHandler ["https-openssl-nio-8443"]
21-Jul-2020 00:37:55.661 INFO [main] org.apache.coyote.AbstractProtocol.start Starting ProtocolHandler ["ajp-nio-8008"]
21-Jul-2020 00:37:55.661 INFO [main] org.apache.catalina.startup.Catalina.start Server startup in 26275 ms
21-Jul-2020 00:40:21.848 INFO [Thread-39] org.apache.coyote.AbstractProtocol.pause Pausing ProtocolHandler ["http-nio-8084"]
21-Jul-2020 00:40:21.926 INFO [Thread-39] org.apache.coyote.AbstractProtocol.pause Pausing ProtocolHandler ["https-openssl-nio-8443"]
21-Jul-2020 00:40:21.989 INFO [Thread-39] org.apache.coyote.AbstractProtocol.pause Pausing ProtocolHandler ["ajp-nio-8008"]
21-Jul-2020 00:40:22.051 INFO [Thread-39] org.apache.catalina.core.StandardService.stopInternal Stopping service [Catalina]
21-Jul-2020 00:40:27.629 INFO [localhost-startStop-2] com.sun.xml.ws.transport.http.servlet.WSServletDelegate.destroy WSSERVLET15: JAX-WS servlet destroyed
21-Jul-2020 00:40:27.645 INFO [localhost-startStop-2] com.sun.xml.ws.transport.http.servlet.WSServletContextListener.contextDestroyed WSSERVLET13: JAX-WS context listener destroyed
21-Jul-2020 00:40:27.645 INFO [localhost-startStop-2] com.sun.xml.ws.transport.http.servlet.WSServletContextListener.contextDestroyed WSSERVLET13: JAX-WS context listener destroyed
21-Jul-2020 00:40:27.645 WARNING [localhost-startStop-2] org.apache.catalina.loader.WebappClassLoaderBase.clearReferencesThreads The web application [otdsws] appears to have started a thread named [Thread-15] but has failed to stop it. This is very likely to create a memory leak. Stack trace of thread:
 sun.net.dns.ResolverConfigurationImpl.notifyAddrChange0(Native Method)
 sun.net.dns.ResolverConfigurationImpl$AddressChangeListener.run(Unknown Source)
21-Jul-2020 00:40:27.645 WARNING [localhost-startStop-2] org.apache.catalina.loader.WebappClassLoaderBase.clearReferencesThreads The web application [otdsws] appears to have started a thread named [Monitor Provider State Updater] but has failed to stop it. This is very likely to create a memory leak. Stack trace of thread:
 sun.misc.Unsafe.park(Native Method)
 java.util.concurrent.locks.LockSupport.parkNanos(Unknown Source)
 java.util.concurrent.locks.AbstractQueuedSynchronizer$ConditionObject.awaitNanos(Unknown Source)
 java.util.concurrent.ScheduledThreadPoolExecutor$DelayedWorkQueue.take(Unknown Source)
 java.util.concurrent.ScheduledThreadPoolExecutor$DelayedWorkQueue.take(Unknown Source)
 java.util.concurrent.ThreadPoolExecutor.getTask(Unknown Source)
 java.util.concurrent.ThreadPoolExecutor.runWorker(Unknown Source)
 java.util.concurrent.ThreadPoolExecutor$Worker.run(Unknown Source)
 java.lang.Thread.run(Unknown Source)
21-Jul-2020 00:40:27.645 SEVERE [localhost-startStop-2] org.apache.catalina.loader.WebappClassLoaderBase.checkThreadLocalMapForLeaks The web application [otdsws] created a ThreadLocal with key of type [com.opentext.ecm.components.runtimecontext.impl.RuntimeContext$1] (value [com.opentext.ecm.components.runtimecontext.impl.RuntimeContext$1@33a435d1]) and a value of type [com.opentext.ecm.components.runtimecontext.impl.RuntimeContextThread] (value [com.opentext.ecm.components.runtimecontext.impl.RuntimeContextThread@5a08e538]) but failed to remove it when the web application was stopped. Threads are going to be renewed over time to try and avoid a probable memory leak.
21-Jul-2020 00:40:27.661 INFO [Thread-39] org.apache.coyote.AbstractProtocol.stop Stopping ProtocolHandler ["http-nio-8084"]
21-Jul-2020 00:40:27.661 INFO [Thread-39] org.apache.coyote.AbstractProtocol.stop Stopping ProtocolHandler ["https-openssl-nio-8443"]
21-Jul-2020 00:40:27.676 INFO [Thread-39] org.apache.coyote.AbstractProtocol.stop Stopping ProtocolHandler ["ajp-nio-8008"]
21-Jul-2020 00:40:27.676 INFO [Thread-42] org.apache.catalina.util.LifecycleBase.stop The stop() method was called on component [StandardServer[8025]] after stop() had already been called. The second call will be ignored.

2020-07-21 00:40:38 Commons Daemon procrun stderr initialized
21-Jul-2020 00:40:45.869 INFO [main] org.apache.catalina.startup.VersionLoggerListener.log Server version:        Apache Tomcat/8.5.15
21-Jul-2020 00:40:45.869 INFO [main] org.apache.catalina.startup.VersionLoggerListener.log Server built:          May 5 2017 11:03:04 UTC
21-Jul-2020 00:40:45.869 INFO [main] org.apache.catalina.startup.VersionLoggerListener.log Server number:         8.5.15.0
21-Jul-2020 00:40:45.869 INFO [main] org.apache.catalina.startup.VersionLoggerListener.log OS Name:               Windows Server 2016
21-Jul-2020 00:40:45.869 INFO [main] org.apache.catalina.startup.VersionLoggerListener.log OS Version:            10.0
21-Jul-2020 00:40:45.869 INFO [main] org.apache.catalina.startup.VersionLoggerListener.log Architecture:          amd64
21-Jul-2020 00:40:45.869 INFO [main] org.apache.catalina.startup.VersionLoggerListener.log Java Home:             C:\Program Files\Java\jre1.8.0_152
21-Jul-2020 00:40:45.869 INFO [main] org.apache.catalina.startup.VersionLoggerListener.log JVM Version:           1.8.0_152-b16
21-Jul-2020 00:40:45.885 INFO [main] org.apache.catalina.startup.VersionLoggerListener.log JVM Vendor:            Oracle Corporation
21-Jul-2020 00:40:45.885 INFO [main] org.apache.catalina.startup.VersionLoggerListener.log CATALINA_BASE:         C:\Tomcats\OTDS
21-Jul-2020 00:40:45.885 INFO [main] org.apache.catalina.startup.VersionLoggerListener.log CATALINA_HOME:         C:\Tomcats\OTDS
21-Jul-2020 00:40:45.885 INFO [main] org.apache.catalina.startup.VersionLoggerListener.log Command line argument: -Dcatalina.home=C:\Tomcats\OTDS
21-Jul-2020 00:40:45.885 INFO [main] org.apache.catalina.startup.VersionLoggerListener.log Command line argument: -Dcatalina.base=C:\Tomcats\OTDS
21-Jul-2020 00:40:45.885 INFO [main] org.apache.catalina.startup.VersionLoggerListener.log Command line argument: -Djava.io.tmpdir=C:\Tomcats\OTDS\temp
21-Jul-2020 00:40:45.885 INFO [main] org.apache.catalina.startup.VersionLoggerListener.log Command line argument: -Djava.util.logging.manager=org.apache.juli.ClassLoaderLogManager
21-Jul-2020 00:40:45.885 INFO [main] org.apache.catalina.startup.VersionLoggerListener.log Command line argument: -Djava.util.logging.config.file=C:\Tomcats\OTDS\conf\logging.properties
21-Jul-2020 00:40:45.885 INFO [main] org.apache.catalina.startup.VersionLoggerListener.log Command line argument: exit
21-Jul-2020 00:40:45.885 INFO [main] org.apache.catalina.startup.VersionLoggerListener.log Command line argument: -Xms256m
21-Jul-2020 00:40:45.885 INFO [main] org.apache.catalina.startup.VersionLoggerListener.log Command line argument: -Xmx1024m
21-Jul-2020 00:40:45.885 INFO [main] org.apache.catalina.core.AprLifecycleListener.lifecycleEvent Loaded APR based Apache Tomcat Native library [1.2.12] using APR version [1.5.2].
21-Jul-2020 00:40:45.885 INFO [main] org.apache.catalina.core.AprLifecycleListener.lifecycleEvent APR capabilities: IPv6 [true], sendfile [true], accept filters [false], random [true].
21-Jul-2020 00:40:45.885 INFO [main] org.apache.catalina.core.AprLifecycleListener.lifecycleEvent APR/OpenSSL configuration: useAprConnector [false], useOpenSSL [true]
21-Jul-2020 00:40:46.697 INFO [main] org.apache.catalina.core.AprLifecycleListener.initializeSSL OpenSSL successfully initialized [OpenSSL 1.0.2k  26 Jan 2017]
21-Jul-2020 00:40:47.135 INFO [main] org.apache.coyote.AbstractProtocol.init Initializing ProtocolHandler ["http-nio-8084"]
21-Jul-2020 00:40:47.682 INFO [main] org.apache.tomcat.util.net.NioSelectorPool.getSharedSelector Using a shared selector for servlet write/read
21-Jul-2020 00:40:47.698 INFO [main] org.apache.coyote.AbstractProtocol.init Initializing ProtocolHandler ["https-openssl-nio-8443"]
21-Jul-2020 00:40:48.416 INFO [main] org.apache.tomcat.util.net.NioSelectorPool.getSharedSelector Using a shared selector for servlet write/read
21-Jul-2020 00:40:48.416 INFO [main] org.apache.coyote.AbstractProtocol.init Initializing ProtocolHandler ["ajp-nio-8008"]
21-Jul-2020 00:40:48.432 INFO [main] org.apache.tomcat.util.net.NioSelectorPool.getSharedSelector Using a shared selector for servlet write/read
21-Jul-2020 00:40:48.432 INFO [main] org.apache.catalina.startup.Catalina.load Initialization processed in 5839 ms
21-Jul-2020 00:40:48.494 INFO [main] org.apache.catalina.core.StandardService.startInternal Starting service [Catalina]
21-Jul-2020 00:40:48.494 INFO [main] org.apache.catalina.core.StandardEngine.startInternal Starting Servlet Engine: Apache Tomcat/8.5.15
21-Jul-2020 00:40:48.526 INFO [localhost-startStop-1] org.apache.catalina.startup.HostConfig.deployDescriptor Deploying configuration descriptor [C:\Tomcats\OTDS\conf\Catalina\localhost\ot-authws.xml]
21-Jul-2020 00:40:49.041 INFO [localhost-startStop-1] org.apache.jasper.servlet.TldScanner.scanJars At least one JAR was scanned for TLDs yet contained no TLDs. Enable debug logging for this logger for a complete list of JARs that were scanned but no TLDs were found in them. Skipping unneeded JARs during scanning can improve startup time and JSP compilation time.
21-Jul-2020 00:40:49.151 INFO [localhost-startStop-1] org.apache.catalina.startup.HostConfig.deployDescriptor Deployment of configuration descriptor [C:\Tomcats\OTDS\conf\Catalina\localhost\ot-authws.xml] has finished in [609] ms
21-Jul-2020 00:40:49.151 INFO [localhost-startStop-1] org.apache.catalina.startup.HostConfig.deployDescriptor Deploying configuration descriptor [C:\Tomcats\OTDS\conf\Catalina\localhost\otds-admin.xml]
21-Jul-2020 00:40:49.932 INFO [localhost-startStop-1] org.apache.jasper.servlet.TldScanner.scanJars At least one JAR was scanned for TLDs yet contained no TLDs. Enable debug logging for this logger for a complete list of JARs that were scanned but no TLDs were found in them. Skipping unneeded JARs during scanning can improve startup time and JSP compilation time.
21-Jul-2020 00:40:50.088 INFO [localhost-startStop-1] com.sun.jersey.server.impl.application.WebApplicationImpl._initiate Initiating Jersey application, version 'Jersey: 1.18 11/22/2013 01:21 AM'
21-Jul-2020 00:40:50.166 INFO [localhost-startStop-1] com.sun.jersey.server.impl.application.DeferredResourceConfig$ApplicationHolder.<init> Instantiated the Application class com.opentext.otds.webadmin.WebAdminApp
21-Jul-2020 00:40:50.572 INFO [localhost-startStop-1] org.apache.catalina.startup.HostConfig.deployDescriptor Deployment of configuration descriptor [C:\Tomcats\OTDS\conf\Catalina\localhost\otds-admin.xml] has finished in [1,421] ms
21-Jul-2020 00:40:50.572 INFO [localhost-startStop-1] org.apache.catalina.startup.HostConfig.deployDescriptor Deploying configuration descriptor [C:\Tomcats\OTDS\conf\Catalina\localhost\otds-usergroup.xml]
21-Jul-2020 00:40:50.604 INFO [localhost-startStop-1] org.apache.jasper.servlet.TldScanner.scanJars At least one JAR was scanned for TLDs yet contained no TLDs. Enable debug logging for this logger for a complete list of JARs that were scanned but no TLDs were found in them. Skipping unneeded JARs during scanning can improve startup time and JSP compilation time.
21-Jul-2020 00:40:50.604 INFO [localhost-startStop-1] org.apache.catalina.startup.HostConfig.deployDescriptor Deployment of configuration descriptor [C:\Tomcats\OTDS\conf\Catalina\localhost\otds-usergroup.xml] has finished in [32] ms
21-Jul-2020 00:40:50.604 INFO [localhost-startStop-1] org.apache.catalina.startup.HostConfig.deployDescriptor Deploying configuration descriptor [C:\Tomcats\OTDS\conf\Catalina\localhost\otds-v2.xml]
21-Jul-2020 00:40:50.697 INFO [localhost-startStop-1] org.apache.jasper.servlet.TldScanner.scanJars At least one JAR was scanned for TLDs yet contained no TLDs. Enable debug logging for this logger for a complete list of JARs that were scanned but no TLDs were found in them. Skipping unneeded JARs during scanning can improve startup time and JSP compilation time.
21-Jul-2020 00:40:50.697 INFO [localhost-startStop-1] org.apache.catalina.startup.HostConfig.deployDescriptor Deployment of configuration descriptor [C:\Tomcats\OTDS\conf\Catalina\localhost\otds-v2.xml] has finished in [93] ms
21-Jul-2020 00:40:50.697 INFO [localhost-startStop-1] org.apache.catalina.startup.HostConfig.deployDescriptor Deploying configuration descriptor [C:\Tomcats\OTDS\conf\Catalina\localhost\otdstenant.xml]
21-Jul-2020 00:40:50.713 INFO [localhost-startStop-1] org.apache.jasper.servlet.TldScanner.scanJars At least one JAR was scanned for TLDs yet contained no TLDs. Enable debug logging for this logger for a complete list of JARs that were scanned but no TLDs were found in them. Skipping unneeded JARs during scanning can improve startup time and JSP compilation time.
21-Jul-2020 00:40:50.713 INFO [localhost-startStop-1] org.apache.catalina.startup.HostConfig.deployDescriptor Deployment of configuration descriptor [C:\Tomcats\OTDS\conf\Catalina\localhost\otdstenant.xml] has finished in [16] ms
21-Jul-2020 00:40:50.713 INFO [localhost-startStop-1] org.apache.catalina.startup.HostConfig.deployDescriptor Deploying configuration descriptor [C:\Tomcats\OTDS\conf\Catalina\localhost\otdsws.xml]
21-Jul-2020 00:40:56.447 INFO [localhost-startStop-1] org.apache.jasper.servlet.TldScanner.scanJars At least one JAR was scanned for TLDs yet contained no TLDs. Enable debug logging for this logger for a complete list of JARs that were scanned but no TLDs were found in them. Skipping unneeded JARs during scanning can improve startup time and JSP compilation time.
21-Jul-2020 00:41:00.197 INFO [localhost-startStop-1] com.sun.xml.ws.transport.http.servlet.WSServletDelegate.<init> WSSERVLET14: JAX-WS servlet initializing
21-Jul-2020 00:41:00.197 INFO [localhost-startStop-1] com.sun.xml.ws.transport.http.servlet.WSServletContextListener.contextInitialized WSSERVLET12: JAX-WS context listener initializing
21-Jul-2020 00:41:00.197 INFO [localhost-startStop-1] com.sun.xml.ws.transport.http.servlet.WSServletContextListener.contextInitialized WSSERVLET12: JAX-WS context listener initializing
21-Jul-2020 00:41:08.807 INFO [localhost-startStop-1] com.sun.jersey.server.impl.application.WebApplicationImpl._initiate Initiating Jersey application, version 'Jersey: 1.18 11/22/2013 01:21 AM'
21-Jul-2020 00:41:10.010 INFO [localhost-startStop-1] com.sun.jersey.server.impl.application.DeferredResourceConfig$ApplicationHolder.<init> Instantiated the Application class com.opentext.otds.auth.OTDSOAuthApp
21-Jul-2020 00:41:10.463 INFO [localhost-startStop-1] com.sun.jersey.server.impl.application.WebApplicationImpl._initiate Initiating Jersey application, version 'Jersey: 1.18 11/22/2013 01:21 AM'
21-Jul-2020 00:41:10.463 INFO [localhost-startStop-1] com.sun.jersey.server.impl.application.DeferredResourceConfig$ApplicationHolder.<init> Instantiated the Application class com.opentext.otds.discovery.DiscoveryApp
21-Jul-2020 00:41:10.572 INFO [localhost-startStop-1] com.sun.jersey.server.impl.application.WebApplicationImpl._initiate Initiating Jersey application, version 'Jersey: 1.18 11/22/2013 01:21 AM'
21-Jul-2020 00:41:11.901 INFO [localhost-startStop-1] com.sun.jersey.server.impl.application.DeferredResourceConfig$ApplicationHolder.<init> Instantiated the Application class com.opentext.otds.restful.OTDSRESTApp
21-Jul-2020 00:41:12.322 INFO [localhost-startStop-1] com.sun.jersey.server.impl.application.WebApplicationImpl._initiate Initiating Jersey application, version 'Jersey: 1.18 11/22/2013 01:21 AM'
21-Jul-2020 00:41:13.119 INFO [localhost-startStop-1] com.sun.jersey.server.impl.application.DeferredResourceConfig$ApplicationHolder.<init> Instantiated the Application class com.opentext.otds.restful.OTDSV1App
21-Jul-2020 00:41:13.401 INFO [localhost-startStop-1] com.sun.jersey.server.impl.application.WebApplicationImpl._initiate Initiating Jersey application, version 'Jersey: 1.18 11/22/2013 01:21 AM'
21-Jul-2020 00:41:13.526 INFO [localhost-startStop-1] com.sun.jersey.server.impl.application.DeferredResourceConfig$ApplicationHolder.<init> Instantiated the Application class com.opentext.otds.scim.OTDSSCIMApp
21-Jul-2020 00:41:13.651 INFO [localhost-startStop-1] com.sun.jersey.server.impl.application.WebApplicationImpl._initiate Initiating Jersey application, version 'Jersey: 1.18 11/22/2013 01:21 AM'
21-Jul-2020 00:41:13.697 INFO [localhost-startStop-1] com.sun.jersey.server.impl.application.DeferredResourceConfig$ApplicationHolder.<init> Instantiated the Application class com.opentext.otds.sync.OTDSESApp
21-Jul-2020 00:41:13.776 INFO [localhost-startStop-1] com.sun.jersey.server.impl.application.WebApplicationImpl._initiate Initiating Jersey application, version 'Jersey: 1.18 11/22/2013 01:21 AM'
21-Jul-2020 00:41:13.916 INFO [localhost-startStop-1] com.sun.jersey.server.impl.application.DeferredResourceConfig$ApplicationHolder.<init> Instantiated the Application class com.opentext.sps.SPSApp
21-Jul-2020 00:41:14.026 INFO [localhost-startStop-1] org.apache.catalina.startup.HostConfig.deployDescriptor Deployment of configuration descriptor [C:\Tomcats\OTDS\conf\Catalina\localhost\otdsws.xml] has finished in [23,313] ms
21-Jul-2020 00:41:14.026 INFO [localhost-startStop-1] org.apache.catalina.startup.HostConfig.deployDirectory Deploying web application directory [C:\Tomcats\OTDS\webapps\host-manager]
21-Jul-2020 00:41:14.057 INFO [localhost-startStop-1] org.apache.catalina.startup.HostConfig.deployDirectory Deployment of web application directory [C:\Tomcats\OTDS\webapps\host-manager] has finished in [31] ms
21-Jul-2020 00:41:14.057 INFO [localhost-startStop-1] org.apache.catalina.startup.HostConfig.deployDirectory Deploying web application directory [C:\Tomcats\OTDS\webapps\manager]
21-Jul-2020 00:41:14.072 INFO [localhost-startStop-1] org.apache.catalina.startup.HostConfig.deployDirectory Deployment of web application directory [C:\Tomcats\OTDS\webapps\manager] has finished in [15] ms
21-Jul-2020 00:41:14.072 INFO [localhost-startStop-1] org.apache.catalina.startup.HostConfig.deployDirectory Deploying web application directory [C:\Tomcats\OTDS\webapps\ROOT]
21-Jul-2020 00:41:14.088 INFO [localhost-startStop-1] org.apache.catalina.startup.HostConfig.deployDirectory Deployment of web application directory [C:\Tomcats\OTDS\webapps\ROOT] has finished in [16] ms
21-Jul-2020 00:41:14.088 INFO [main] org.apache.coyote.AbstractProtocol.start Starting ProtocolHandler ["http-nio-8084"]
21-Jul-2020 00:41:14.104 INFO [main] org.apache.coyote.AbstractProtocol.start Starting ProtocolHandler ["https-openssl-nio-8443"]
21-Jul-2020 00:41:14.104 INFO [main] org.apache.coyote.AbstractProtocol.start Starting ProtocolHandler ["ajp-nio-8008"]
21-Jul-2020 00:41:14.119 INFO [main] org.apache.catalina.startup.Catalina.start Server startup in 25686 ms
21-Jul-2020 00:42:06.041 INFO [Thread-39] org.apache.coyote.AbstractProtocol.pause Pausing ProtocolHandler ["http-nio-8084"]
21-Jul-2020 00:42:06.104 INFO [Thread-39] org.apache.coyote.AbstractProtocol.pause Pausing ProtocolHandler ["https-openssl-nio-8443"]
21-Jul-2020 00:42:06.166 INFO [Thread-39] org.apache.coyote.AbstractProtocol.pause Pausing ProtocolHandler ["ajp-nio-8008"]
21-Jul-2020 00:42:06.229 INFO [Thread-39] org.apache.catalina.core.StandardService.stopInternal Stopping service [Catalina]
21-Jul-2020 00:42:11.854 INFO [localhost-startStop-2] com.sun.xml.ws.transport.http.servlet.WSServletDelegate.destroy WSSERVLET15: JAX-WS servlet destroyed
21-Jul-2020 00:42:11.869 INFO [localhost-startStop-2] com.sun.xml.ws.transport.http.servlet.WSServletContextListener.contextDestroyed WSSERVLET13: JAX-WS context listener destroyed
21-Jul-2020 00:42:11.869 INFO [localhost-startStop-2] com.sun.xml.ws.transport.http.servlet.WSServletContextListener.contextDestroyed WSSERVLET13: JAX-WS context listener destroyed
21-Jul-2020 00:42:11.869 WARNING [localhost-startStop-2] org.apache.catalina.loader.WebappClassLoaderBase.clearReferencesThreads The web application [otdsws] appears to have started a thread named [Thread-15] but has failed to stop it. This is very likely to create a memory leak. Stack trace of thread:
 sun.net.dns.ResolverConfigurationImpl.notifyAddrChange0(Native Method)
 sun.net.dns.ResolverConfigurationImpl$AddressChangeListener.run(Unknown Source)
21-Jul-2020 00:42:11.869 WARNING [localhost-startStop-2] org.apache.catalina.loader.WebappClassLoaderBase.clearReferencesThreads The web application [otdsws] appears to have started a thread named [Monitor Provider State Updater] but has failed to stop it. This is very likely to create a memory leak. Stack trace of thread:
 sun.misc.Unsafe.park(Native Method)
 java.util.concurrent.locks.LockSupport.parkNanos(Unknown Source)
 java.util.concurrent.locks.AbstractQueuedSynchronizer$ConditionObject.awaitNanos(Unknown Source)
 java.util.concurrent.ScheduledThreadPoolExecutor$DelayedWorkQueue.take(Unknown Source)
 java.util.concurrent.ScheduledThreadPoolExecutor$DelayedWorkQueue.take(Unknown Source)
 java.util.concurrent.ThreadPoolExecutor.getTask(Unknown Source)
 java.util.concurrent.ThreadPoolExecutor.runWorker(Unknown Source)
 java.util.concurrent.ThreadPoolExecutor$Worker.run(Unknown Source)
 java.lang.Thread.run(Unknown Source)
21-Jul-2020 00:42:11.869 SEVERE [localhost-startStop-2] org.apache.catalina.loader.WebappClassLoaderBase.checkThreadLocalMapForLeaks The web application [otdsws] created a ThreadLocal with key of type [com.opentext.ecm.components.runtimecontext.impl.RuntimeContext$1] (value [com.opentext.ecm.components.runtimecontext.impl.RuntimeContext$1@6d875b00]) and a value of type [com.opentext.ecm.components.runtimecontext.impl.RuntimeContextThread] (value [com.opentext.ecm.components.runtimecontext.impl.RuntimeContextThread@fe0aaea]) but failed to remove it when the web application was stopped. Threads are going to be renewed over time to try and avoid a probable memory leak.
21-Jul-2020 00:42:11.885 INFO [Thread-39] org.apache.coyote.AbstractProtocol.stop Stopping ProtocolHandler ["http-nio-8084"]
21-Jul-2020 00:42:11.885 INFO [Thread-39] org.apache.coyote.AbstractProtocol.stop Stopping ProtocolHandler ["https-openssl-nio-8443"]
21-Jul-2020 00:42:11.885 INFO [Thread-39] org.apache.coyote.AbstractProtocol.stop Stopping ProtocolHandler ["ajp-nio-8008"]
21-Jul-2020 00:42:11.885 INFO [Thread-42] org.apache.catalina.util.LifecycleBase.stop The stop() method was called on component [StandardServer[8025]] after stop() had already been called. The second call will be ignored.

2020-07-21 00:42:20 Commons Daemon procrun stderr initialized
21-Jul-2020 00:42:28.352 INFO [main] org.apache.catalina.startup.VersionLoggerListener.log Server version:        Apache Tomcat/8.5.15
21-Jul-2020 00:42:28.417 INFO [main] org.apache.catalina.startup.VersionLoggerListener.log Server built:          May 5 2017 11:03:04 UTC
21-Jul-2020 00:42:28.417 INFO [main] org.apache.catalina.startup.VersionLoggerListener.log Server number:         8.5.15.0
21-Jul-2020 00:42:28.417 INFO [main] org.apache.catalina.startup.VersionLoggerListener.log OS Name:               Windows Server 2016
21-Jul-2020 00:42:28.417 INFO [main] org.apache.catalina.startup.VersionLoggerListener.log OS Version:            10.0
21-Jul-2020 00:42:28.417 INFO [main] org.apache.catalina.startup.VersionLoggerListener.log Architecture:          amd64
21-Jul-2020 00:42:28.417 INFO [main] org.apache.catalina.startup.VersionLoggerListener.log Java Home:             C:\Program Files\Java\jre1.8.0_152
21-Jul-2020 00:42:28.417 INFO [main] org.apache.catalina.startup.VersionLoggerListener.log JVM Version:           1.8.0_152-b16
21-Jul-2020 00:42:28.417 INFO [main] org.apache.catalina.startup.VersionLoggerListener.log JVM Vendor:            Oracle Corporation
21-Jul-2020 00:42:28.417 INFO [main] org.apache.catalina.startup.VersionLoggerListener.log CATALINA_BASE:         C:\Tomcats\OTDS
21-Jul-2020 00:42:28.417 INFO [main] org.apache.catalina.startup.VersionLoggerListener.log CATALINA_HOME:         C:\Tomcats\OTDS
21-Jul-2020 00:42:28.417 INFO [main] org.apache.catalina.startup.VersionLoggerListener.log Command line argument: -Dcatalina.home=C:\Tomcats\OTDS
21-Jul-2020 00:42:28.417 INFO [main] org.apache.catalina.startup.VersionLoggerListener.log Command line argument: -Dcatalina.base=C:\Tomcats\OTDS
21-Jul-2020 00:42:28.417 INFO [main] org.apache.catalina.startup.VersionLoggerListener.log Command line argument: -Djava.io.tmpdir=C:\Tomcats\OTDS\temp
21-Jul-2020 00:42:28.417 INFO [main] org.apache.catalina.startup.VersionLoggerListener.log Command line argument: -Djava.util.logging.manager=org.apache.juli.ClassLoaderLogManager
21-Jul-2020 00:42:28.417 INFO [main] org.apache.catalina.startup.VersionLoggerListener.log Command line argument: -Djava.util.logging.config.file=C:\Tomcats\OTDS\conf\logging.properties
21-Jul-2020 00:42:28.417 INFO [main] org.apache.catalina.startup.VersionLoggerListener.log Command line argument: exit
21-Jul-2020 00:42:28.417 INFO [main] org.apache.catalina.startup.VersionLoggerListener.log Command line argument: -Xms256m
21-Jul-2020 00:42:28.417 INFO [main] org.apache.catalina.startup.VersionLoggerListener.log Command line argument: -Xmx1024m
21-Jul-2020 00:42:28.433 INFO [main] org.apache.catalina.core.AprLifecycleListener.lifecycleEvent Loaded APR based Apache Tomcat Native library [1.2.12] using APR version [1.5.2].
21-Jul-2020 00:42:28.433 INFO [main] org.apache.catalina.core.AprLifecycleListener.lifecycleEvent APR capabilities: IPv6 [true], sendfile [true], accept filters [false], random [true].
21-Jul-2020 00:42:28.433 INFO [main] org.apache.catalina.core.AprLifecycleListener.lifecycleEvent APR/OpenSSL configuration: useAprConnector [false], useOpenSSL [true]
21-Jul-2020 00:42:29.461 INFO [main] org.apache.catalina.core.AprLifecycleListener.initializeSSL OpenSSL successfully initialized [OpenSSL 1.0.2k  26 Jan 2017]
21-Jul-2020 00:42:29.899 INFO [main] org.apache.coyote.AbstractProtocol.init Initializing ProtocolHandler ["http-nio-8084"]
21-Jul-2020 00:42:30.305 INFO [main] org.apache.tomcat.util.net.NioSelectorPool.getSharedSelector Using a shared selector for servlet write/read
21-Jul-2020 00:42:30.305 INFO [main] org.apache.coyote.AbstractProtocol.init Initializing ProtocolHandler ["https-openssl-nio-8443"]
21-Jul-2020 00:42:31.180 INFO [main] org.apache.tomcat.util.net.NioSelectorPool.getSharedSelector Using a shared selector for servlet write/read
21-Jul-2020 00:42:31.180 INFO [main] org.apache.coyote.AbstractProtocol.init Initializing ProtocolHandler ["ajp-nio-8008"]
21-Jul-2020 00:42:31.180 INFO [main] org.apache.tomcat.util.net.NioSelectorPool.getSharedSelector Using a shared selector for servlet write/read
21-Jul-2020 00:42:31.180 INFO [main] org.apache.catalina.startup.Catalina.load Initialization processed in 5979 ms
21-Jul-2020 00:42:31.242 INFO [main] org.apache.catalina.core.StandardService.startInternal Starting service [Catalina]
21-Jul-2020 00:42:31.242 INFO [main] org.apache.catalina.core.StandardEngine.startInternal Starting Servlet Engine: Apache Tomcat/8.5.15
21-Jul-2020 00:42:31.289 INFO [localhost-startStop-1] org.apache.catalina.startup.HostConfig.deployDescriptor Deploying configuration descriptor [C:\Tomcats\OTDS\conf\Catalina\localhost\ot-authws.xml]
21-Jul-2020 00:42:31.790 INFO [localhost-startStop-1] org.apache.jasper.servlet.TldScanner.scanJars At least one JAR was scanned for TLDs yet contained no TLDs. Enable debug logging for this logger for a complete list of JARs that were scanned but no TLDs were found in them. Skipping unneeded JARs during scanning can improve startup time and JSP compilation time.
21-Jul-2020 00:42:31.883 INFO [localhost-startStop-1] org.apache.catalina.startup.HostConfig.deployDescriptor Deployment of configuration descriptor [C:\Tomcats\OTDS\conf\Catalina\localhost\ot-authws.xml] has finished in [594] ms
21-Jul-2020 00:42:31.883 INFO [localhost-startStop-1] org.apache.catalina.startup.HostConfig.deployDescriptor Deploying configuration descriptor [C:\Tomcats\OTDS\conf\Catalina\localhost\otds-admin.xml]
21-Jul-2020 00:42:32.617 INFO [localhost-startStop-1] org.apache.jasper.servlet.TldScanner.scanJars At least one JAR was scanned for TLDs yet contained no TLDs. Enable debug logging for this logger for a complete list of JARs that were scanned but no TLDs were found in them. Skipping unneeded JARs during scanning can improve startup time and JSP compilation time.
21-Jul-2020 00:42:32.758 INFO [localhost-startStop-1] com.sun.jersey.server.impl.application.WebApplicationImpl._initiate Initiating Jersey application, version 'Jersey: 1.18 11/22/2013 01:21 AM'
21-Jul-2020 00:42:32.836 INFO [localhost-startStop-1] com.sun.jersey.server.impl.application.DeferredResourceConfig$ApplicationHolder.<init> Instantiated the Application class com.opentext.otds.webadmin.WebAdminApp
21-Jul-2020 00:42:33.242 INFO [localhost-startStop-1] org.apache.catalina.startup.HostConfig.deployDescriptor Deployment of configuration descriptor [C:\Tomcats\OTDS\conf\Catalina\localhost\otds-admin.xml] has finished in [1,359] ms
21-Jul-2020 00:42:33.242 INFO [localhost-startStop-1] org.apache.catalina.startup.HostConfig.deployDescriptor Deploying configuration descriptor [C:\Tomcats\OTDS\conf\Catalina\localhost\otds-usergroup.xml]
21-Jul-2020 00:42:33.352 INFO [localhost-startStop-1] org.apache.jasper.servlet.TldScanner.scanJars At least one JAR was scanned for TLDs yet contained no TLDs. Enable debug logging for this logger for a complete list of JARs that were scanned but no TLDs were found in them. Skipping unneeded JARs during scanning can improve startup time and JSP compilation time.
21-Jul-2020 00:42:33.352 INFO [localhost-startStop-1] org.apache.catalina.startup.HostConfig.deployDescriptor Deployment of configuration descriptor [C:\Tomcats\OTDS\conf\Catalina\localhost\otds-usergroup.xml] has finished in [110] ms
21-Jul-2020 00:42:33.352 INFO [localhost-startStop-1] org.apache.catalina.startup.HostConfig.deployDescriptor Deploying configuration descriptor [C:\Tomcats\OTDS\conf\Catalina\localhost\otds-v2.xml]
21-Jul-2020 00:42:33.367 INFO [localhost-startStop-1] org.apache.jasper.servlet.TldScanner.scanJars At least one JAR was scanned for TLDs yet contained no TLDs. Enable debug logging for this logger for a complete list of JARs that were scanned but no TLDs were found in them. Skipping unneeded JARs during scanning can improve startup time and JSP compilation time.
21-Jul-2020 00:42:33.383 INFO [localhost-startStop-1] org.apache.catalina.startup.HostConfig.deployDescriptor Deployment of configuration descriptor [C:\Tomcats\OTDS\conf\Catalina\localhost\otds-v2.xml] has finished in [31] ms
21-Jul-2020 00:42:33.383 INFO [localhost-startStop-1] org.apache.catalina.startup.HostConfig.deployDescriptor Deploying configuration descriptor [C:\Tomcats\OTDS\conf\Catalina\localhost\otdstenant.xml]
21-Jul-2020 00:42:33.399 INFO [localhost-startStop-1] org.apache.jasper.servlet.TldScanner.scanJars At least one JAR was scanned for TLDs yet contained no TLDs. Enable debug logging for this logger for a complete list of JARs that were scanned but no TLDs were found in them. Skipping unneeded JARs during scanning can improve startup time and JSP compilation time.
21-Jul-2020 00:42:33.399 INFO [localhost-startStop-1] org.apache.catalina.startup.HostConfig.deployDescriptor Deployment of configuration descriptor [C:\Tomcats\OTDS\conf\Catalina\localhost\otdstenant.xml] has finished in [16] ms
21-Jul-2020 00:42:33.399 INFO [localhost-startStop-1] org.apache.catalina.startup.HostConfig.deployDescriptor Deploying configuration descriptor [C:\Tomcats\OTDS\conf\Catalina\localhost\otdsws.xml]
21-Jul-2020 00:42:39.227 INFO [localhost-startStop-1] org.apache.jasper.servlet.TldScanner.scanJars At least one JAR was scanned for TLDs yet contained no TLDs. Enable debug logging for this logger for a complete list of JARs that were scanned but no TLDs were found in them. Skipping unneeded JARs during scanning can improve startup time and JSP compilation time.
21-Jul-2020 00:42:42.961 INFO [localhost-startStop-1] com.sun.xml.ws.transport.http.servlet.WSServletDelegate.<init> WSSERVLET14: JAX-WS servlet initializing
21-Jul-2020 00:42:42.977 INFO [localhost-startStop-1] com.sun.xml.ws.transport.http.servlet.WSServletContextListener.contextInitialized WSSERVLET12: JAX-WS context listener initializing
21-Jul-2020 00:42:42.977 INFO [localhost-startStop-1] com.sun.xml.ws.transport.http.servlet.WSServletContextListener.contextInitialized WSSERVLET12: JAX-WS context listener initializing
21-Jul-2020 00:42:51.680 INFO [localhost-startStop-1] com.sun.jersey.server.impl.application.WebApplicationImpl._initiate Initiating Jersey application, version 'Jersey: 1.18 11/22/2013 01:21 AM'
21-Jul-2020 00:42:52.852 INFO [localhost-startStop-1] com.sun.jersey.server.impl.application.DeferredResourceConfig$ApplicationHolder.<init> Instantiated the Application class com.opentext.otds.auth.OTDSOAuthApp
21-Jul-2020 00:42:53.289 INFO [localhost-startStop-1] com.sun.jersey.server.impl.application.WebApplicationImpl._initiate Initiating Jersey application, version 'Jersey: 1.18 11/22/2013 01:21 AM'
21-Jul-2020 00:42:53.305 INFO [localhost-startStop-1] com.sun.jersey.server.impl.application.DeferredResourceConfig$ApplicationHolder.<init> Instantiated the Application class com.opentext.otds.discovery.DiscoveryApp
21-Jul-2020 00:42:53.399 INFO [localhost-startStop-1] com.sun.jersey.server.impl.application.WebApplicationImpl._initiate Initiating Jersey application, version 'Jersey: 1.18 11/22/2013 01:21 AM'
21-Jul-2020 00:42:54.930 INFO [localhost-startStop-1] com.sun.jersey.server.impl.application.DeferredResourceConfig$ApplicationHolder.<init> Instantiated the Application class com.opentext.otds.restful.OTDSRESTApp
21-Jul-2020 00:42:55.383 INFO [localhost-startStop-1] com.sun.jersey.server.impl.application.WebApplicationImpl._initiate Initiating Jersey application, version 'Jersey: 1.18 11/22/2013 01:21 AM'
21-Jul-2020 00:42:56.211 INFO [localhost-startStop-1] com.sun.jersey.server.impl.application.DeferredResourceConfig$ApplicationHolder.<init> Instantiated the Application class com.opentext.otds.restful.OTDSV1App
21-Jul-2020 00:42:56.492 INFO [localhost-startStop-1] com.sun.jersey.server.impl.application.WebApplicationImpl._initiate Initiating Jersey application, version 'Jersey: 1.18 11/22/2013 01:21 AM'
21-Jul-2020 00:42:56.617 INFO [localhost-startStop-1] com.sun.jersey.server.impl.application.DeferredResourceConfig$ApplicationHolder.<init> Instantiated the Application class com.opentext.otds.scim.OTDSSCIMApp
21-Jul-2020 00:42:56.742 INFO [localhost-startStop-1] com.sun.jersey.server.impl.application.WebApplicationImpl._initiate Initiating Jersey application, version 'Jersey: 1.18 11/22/2013 01:21 AM'
21-Jul-2020 00:42:56.789 INFO [localhost-startStop-1] com.sun.jersey.server.impl.application.DeferredResourceConfig$ApplicationHolder.<init> Instantiated the Application class com.opentext.otds.sync.OTDSESApp
21-Jul-2020 00:42:56.883 INFO [localhost-startStop-1] com.sun.jersey.server.impl.application.WebApplicationImpl._initiate Initiating Jersey application, version 'Jersey: 1.18 11/22/2013 01:21 AM'
21-Jul-2020 00:42:57.024 INFO [localhost-startStop-1] com.sun.jersey.server.impl.application.DeferredResourceConfig$ApplicationHolder.<init> Instantiated the Application class com.opentext.sps.SPSApp
21-Jul-2020 00:42:57.117 INFO [localhost-startStop-1] org.apache.catalina.startup.HostConfig.deployDescriptor Deployment of configuration descriptor [C:\Tomcats\OTDS\conf\Catalina\localhost\otdsws.xml] has finished in [23,718] ms
21-Jul-2020 00:42:57.117 INFO [localhost-startStop-1] org.apache.catalina.startup.HostConfig.deployDirectory Deploying web application directory [C:\Tomcats\OTDS\webapps\host-manager]
21-Jul-2020 00:42:57.149 INFO [localhost-startStop-1] org.apache.catalina.startup.HostConfig.deployDirectory Deployment of web application directory [C:\Tomcats\OTDS\webapps\host-manager] has finished in [32] ms
21-Jul-2020 00:42:57.149 INFO [localhost-startStop-1] org.apache.catalina.startup.HostConfig.deployDirectory Deploying web application directory [C:\Tomcats\OTDS\webapps\manager]
21-Jul-2020 00:42:57.180 INFO [localhost-startStop-1] org.apache.catalina.startup.HostConfig.deployDirectory Deployment of web application directory [C:\Tomcats\OTDS\webapps\manager] has finished in [31] ms
21-Jul-2020 00:42:57.180 INFO [localhost-startStop-1] org.apache.catalina.startup.HostConfig.deployDirectory Deploying web application directory [C:\Tomcats\OTDS\webapps\ROOT]
21-Jul-2020 00:42:57.180 INFO [localhost-startStop-1] org.apache.catalina.startup.HostConfig.deployDirectory Deployment of web application directory [C:\Tomcats\OTDS\webapps\ROOT] has finished in [0] ms
21-Jul-2020 00:42:57.195 INFO [main] org.apache.coyote.AbstractProtocol.start Starting ProtocolHandler ["http-nio-8084"]
21-Jul-2020 00:42:57.211 INFO [main] org.apache.coyote.AbstractProtocol.start Starting ProtocolHandler ["https-openssl-nio-8443"]
21-Jul-2020 00:42:57.211 INFO [main] org.apache.coyote.AbstractProtocol.start Starting ProtocolHandler ["ajp-nio-8008"]
21-Jul-2020 00:42:57.227 INFO [main] org.apache.catalina.startup.Catalina.start Server startup in 26035 ms
24-Jul-2020 11:52:00.566 INFO [Thread-62] org.apache.coyote.AbstractProtocol.pause Pausing ProtocolHandler ["http-nio-8084"]
24-Jul-2020 11:52:00.644 INFO [Thread-62] org.apache.coyote.AbstractProtocol.pause Pausing ProtocolHandler ["https-openssl-nio-8443"]
24-Jul-2020 11:52:00.707 INFO [Thread-62] org.apache.coyote.AbstractProtocol.pause Pausing ProtocolHandler ["ajp-nio-8008"]
24-Jul-2020 11:52:00.723 INFO [Thread-62] org.apache.catalina.core.StandardService.stopInternal Stopping service [Catalina]
24-Jul-2020 11:52:06.863 INFO [localhost-startStop-2] com.sun.xml.ws.transport.http.servlet.WSServletDelegate.destroy WSSERVLET15: JAX-WS servlet destroyed
24-Jul-2020 11:52:06.879 INFO [localhost-startStop-2] com.sun.xml.ws.transport.http.servlet.WSServletContextListener.contextDestroyed WSSERVLET13: JAX-WS context listener destroyed
24-Jul-2020 11:52:06.879 INFO [localhost-startStop-2] com.sun.xml.ws.transport.http.servlet.WSServletContextListener.contextDestroyed WSSERVLET13: JAX-WS context listener destroyed
24-Jul-2020 11:52:06.879 WARNING [localhost-startStop-2] org.apache.catalina.loader.WebappClassLoaderBase.clearReferencesThreads The web application [otdsws] appears to have started a thread named [Thread-15] but has failed to stop it. This is very likely to create a memory leak. Stack trace of thread:
 sun.net.dns.ResolverConfigurationImpl.notifyAddrChange0(Native Method)
 sun.net.dns.ResolverConfigurationImpl$AddressChangeListener.run(Unknown Source)
24-Jul-2020 11:52:06.879 WARNING [localhost-startStop-2] org.apache.catalina.loader.WebappClassLoaderBase.clearReferencesThreads The web application [otdsws] appears to have started a thread named [Monitor Provider State Updater] but has failed to stop it. This is very likely to create a memory leak. Stack trace of thread:
 sun.misc.Unsafe.park(Native Method)
 java.util.concurrent.locks.LockSupport.parkNanos(Unknown Source)
 java.util.concurrent.locks.AbstractQueuedSynchronizer$ConditionObject.awaitNanos(Unknown Source)
 java.util.concurrent.ScheduledThreadPoolExecutor$DelayedWorkQueue.take(Unknown Source)
 java.util.concurrent.ScheduledThreadPoolExecutor$DelayedWorkQueue.take(Unknown Source)
 java.util.concurrent.ThreadPoolExecutor.getTask(Unknown Source)
 java.util.concurrent.ThreadPoolExecutor.runWorker(Unknown Source)
 java.util.concurrent.ThreadPoolExecutor$Worker.run(Unknown Source)
 java.lang.Thread.run(Unknown Source)
24-Jul-2020 11:52:06.879 SEVERE [localhost-startStop-2] org.apache.catalina.loader.WebappClassLoaderBase.checkThreadLocalMapForLeaks The web application [otdsws] created a ThreadLocal with key of type [com.opentext.ecm.components.runtimecontext.impl.RuntimeContext$1] (value [com.opentext.ecm.components.runtimecontext.impl.RuntimeContext$1@2a655287]) and a value of type [com.opentext.ecm.components.runtimecontext.impl.RuntimeContextThread] (value [com.opentext.ecm.components.runtimecontext.impl.RuntimeContextThread@3f935839]) but failed to remove it when the web application was stopped. Threads are going to be renewed over time to try and avoid a probable memory leak.
24-Jul-2020 11:52:06.894 INFO [Thread-62] org.apache.coyote.AbstractProtocol.stop Stopping ProtocolHandler ["http-nio-8084"]
24-Jul-2020 11:52:06.894 INFO [Thread-62] org.apache.coyote.AbstractProtocol.stop Stopping ProtocolHandler ["https-openssl-nio-8443"]
24-Jul-2020 11:52:06.910 INFO [Thread-62] org.apache.coyote.AbstractProtocol.stop Stopping ProtocolHandler ["ajp-nio-8008"]
